<?xml version="1.0" encoding="UTF-8" ?>
<testsuite errors="0" failures="0" hostname="baldi64-PC" name="fiuba.algo3.modelo.SuperficieTest" tests="18" time="0.011" timestamp="2016-06-30T02:09:55">
  <properties>
[...]
</properties>
  <testcase classname="fiuba.algo3.modelo.SuperficieTest" name="atravesarEspinasReduceVidaUnidadTerrestre" time="0.0" />
  <testcase classname="fiuba.algo3.modelo.SuperficieTest" name="atravesarEspinasReduceVidaUnidadAereaEnModoAlterno" time="0.0" />
  <testcase classname="fiuba.algo3.modelo.SuperficieTest" name="atravesarEspinasReduceVidaUnidadAerea" time="0.0" />
  <testcase classname="fiuba.algo3.modelo.SuperficieTest" name="unidadAereaAtraviesaRocaEnModoHumanoide" time="0.0" />
  <testcase classname="fiuba.algo3.modelo.SuperficieTest" name="unidadAereaNoAtraviesaPantanoEnModoHumanoide" time="0.0" />
  <testcase classname="fiuba.algo3.modelo.SuperficieTest" name="unidadHumanoideTerrestreAtraviesaNebulosaAndromeda" time="0.0" />
  <testcase classname="fiuba.algo3.modelo.SuperficieTest" name="atravesarPantanoNoReduceVelocidadEnModoAlternoDeUnidadAerea" time="0.0" />
  <testcase classname="fiuba.algo3.modelo.SuperficieTest" name="noSePuedeAtravesarPantanoEnModoHumanoide" time="0.001" />
  <testcase classname="fiuba.algo3.modelo.SuperficieTest" name="atravesarRocaNoReduceVelocidadEnModoAlterno" time="0.0" />
  <testcase classname="fiuba.algo3.modelo.SuperficieTest" name="unidadTerrestreNoAtraviesaNubeEnModoAlterno" time="0.0" />
  <testcase classname="fiuba.algo3.modelo.SuperficieTest" name="unidadHumanoideTerrestreNoAtraviesaTormentaPsionica" time="0.0" />
  <testcase classname="fiuba.algo3.modelo.SuperficieTest" name="unidadAlternativoTerrestreAtraviesaNebulosaAndromeda" time="0.0" />
  <testcase classname="fiuba.algo3.modelo.SuperficieTest" name="atravesarEspinasReduceVidaUnidadTerrestreEnModoAlterno" time="0.0" />
  <testcase classname="fiuba.algo3.modelo.SuperficieTest" name="unidadAlternativoTerrestreNoAtraviesaTormentaPsionica" time="0.0" />
  <testcase classname="fiuba.algo3.modelo.SuperficieTest" name="unidadAereaAtraviesaNubeEnModoAlterno" time="0.0" />
  <testcase classname="fiuba.algo3.modelo.SuperficieTest" name="unidadAereaNoAtraviesaNubeEnModoHumanoide" time="0.001" />
  <testcase classname="fiuba.algo3.modelo.SuperficieTest" name="atravesarPantanoReduceVelocidadEnModoAlternoDeUnidadTerrestre" time="0.0" />
  <testcase classname="fiuba.algo3.modelo.SuperficieTest" name="unidadTerrestreNoPuedeAtravesarNubeEnModoHumanoide" time="0.0" />
  <system-out><![CDATA[]]></system-out>
  <system-err><![CDATA[]]></system-err>
</testsuite>
