<?xml version="1.0"?>
<!DOCTYPE coverage SYSTEM "http://cobertura.sourceforge.net/xml/coverage-04.dtd">

<coverage line-rate="0.43075615972812237" branch-rate="0.4297872340425532" lines-covered="507" lines-valid="1177" branches-covered="101" branches-valid="235" complexity="1.7445887445887447" version="2.1.1" timestamp="1467252599050">
	<sources>
		<source>C:/Users/baldi64/workspace/tpalgo3/src</source>
	</sources>
	<packages>
		<package name="fiuba.algo3.controlador" line-rate="0.0" branch-rate="0.0" complexity="1.1794871794871795">
			<classes>
				<class name="fiuba.algo3.controlador.BotonCasillero" filename="fiuba/algo3/controlador/BotonCasillero.java" line-rate="0.0" branch-rate="1.0" complexity="1.0">
					<methods>
						<method name="&lt;init&gt;" signature="(Lfiuba/algo3/modelo/Casillero;Lfiuba/algo3/controlador/ControladorDeMovimientos;)V" line-rate="0.0" branch-rate="1.0" complexity="0">
							<lines>
								<line number="20" hits="0" branch="false"/>
								<line number="21" hits="0" branch="false"/>
								<line number="22" hits="0" branch="false"/>
								<line number="23" hits="0" branch="false"/>
								<line number="24" hits="0" branch="false"/>
								<line number="25" hits="0" branch="false"/>
							</lines>
						</method>
						<method name="getCasillero" signature="()Lfiuba/algo3/modelo/Casillero;" line-rate="0.0" branch-rate="1.0" complexity="0">
							<lines>
								<line number="30" hits="0" branch="false"/>
							</lines>
						</method>
					</methods>
					<lines>
						<line number="20" hits="0" branch="false"/>
						<line number="21" hits="0" branch="false"/>
						<line number="22" hits="0" branch="false"/>
						<line number="23" hits="0" branch="false"/>
						<line number="24" hits="0" branch="false"/>
						<line number="25" hits="0" branch="false"/>
						<line number="30" hits="0" branch="false"/>
					</lines>
				</class>
				<class name="fiuba.algo3.controlador.BotonFormer" filename="fiuba/algo3/controlador/BotonFormer.java" line-rate="0.0" branch-rate="1.0" complexity="1.0">
					<methods>
						<method name="&lt;init&gt;" signature="(Lfiuba/algo3/modelo/AlgoFormer;Lfiuba/algo3/controlador/ControladorDeMovimientos;Lfiuba/algo3/modelo/Juego;Lfiuba/algo3/vista/VistaJuego;)V" line-rate="0.0" branch-rate="1.0" complexity="0">
							<lines>
								<line number="18" hits="0" branch="false"/>
								<line number="19" hits="0" branch="false"/>
								<line number="20" hits="0" branch="false"/>
								<line number="21" hits="0" branch="false"/>
								<line number="22" hits="0" branch="false"/>
							</lines>
						</method>
						<method name="getFormer" signature="()Lfiuba/algo3/modelo/AlgoFormer;" line-rate="0.0" branch-rate="1.0" complexity="0">
							<lines>
								<line number="25" hits="0" branch="false"/>
							</lines>
						</method>
					</methods>
					<lines>
						<line number="18" hits="0" branch="false"/>
						<line number="19" hits="0" branch="false"/>
						<line number="20" hits="0" branch="false"/>
						<line number="21" hits="0" branch="false"/>
						<line number="22" hits="0" branch="false"/>
						<line number="25" hits="0" branch="false"/>
					</lines>
				</class>
				<class name="fiuba.algo3.controlador.ControladorDeMovimientos" filename="fiuba/algo3/controlador/ControladorDeMovimientos.java" line-rate="0.0" branch-rate="1.0" complexity="1.2857142857142858">
					<methods>
						<method name="&lt;init&gt;" signature="()V" line-rate="0.0" branch-rate="1.0" complexity="0">
							<lines>
								<line number="18" hits="0" branch="false"/>
								<line number="19" hits="0" branch="false"/>
							</lines>
						</method>
						<method name="atack" signature="(Lfiuba/algo3/modelo/AlgoFormer;)V" line-rate="0.0" branch-rate="1.0" complexity="0">
							<lines>
								<line number="49" hits="0" branch="false"/>
								<line number="50" hits="0" branch="false"/>
								<line number="51" hits="0" branch="false"/>
								<line number="52" hits="0" branch="false"/>
								<line number="54" hits="0" branch="false"/>
							</lines>
						</method>
						<method name="getCasillero" signature="()Lfiuba/algo3/modelo/Casillero;" line-rate="0.0" branch-rate="1.0" complexity="0">
							<lines>
								<line number="34" hits="0" branch="false"/>
							</lines>
						</method>
						<method name="getFormer" signature="()Lfiuba/algo3/modelo/AlgoFormer;" line-rate="0.0" branch-rate="1.0" complexity="0">
							<lines>
								<line number="27" hits="0" branch="false"/>
							</lines>
						</method>
						<method name="run" signature="()V" line-rate="0.0" branch-rate="1.0" complexity="0">
							<lines>
								<line number="39" hits="0" branch="false"/>
								<line number="40" hits="0" branch="false"/>
								<line number="41" hits="0" branch="false"/>
								<line number="42" hits="0" branch="false"/>
								<line number="44" hits="0" branch="false"/>
							</lines>
						</method>
						<method name="setCasillero" signature="(Lfiuba/algo3/modelo/Casillero;)V" line-rate="0.0" branch-rate="1.0" complexity="0">
							<lines>
								<line number="31" hits="0" branch="false"/>
								<line number="32" hits="0" branch="false"/>
							</lines>
						</method>
						<method name="setFormer" signature="(Lfiuba/algo3/modelo/AlgoFormer;Lfiuba/algo3/modelo/Juego;)V" line-rate="0.0" branch-rate="1.0" complexity="0">
							<lines>
								<line number="22" hits="0" branch="false"/>
								<line number="24" hits="0" branch="false"/>
								<line number="25" hits="0" branch="false"/>
							</lines>
						</method>
					</methods>
					<lines>
						<line number="18" hits="0" branch="false"/>
						<line number="19" hits="0" branch="false"/>
						<line number="22" hits="0" branch="false"/>
						<line number="24" hits="0" branch="false"/>
						<line number="25" hits="0" branch="false"/>
						<line number="27" hits="0" branch="false"/>
						<line number="31" hits="0" branch="false"/>
						<line number="32" hits="0" branch="false"/>
						<line number="34" hits="0" branch="false"/>
						<line number="39" hits="0" branch="false"/>
						<line number="40" hits="0" branch="false"/>
						<line number="41" hits="0" branch="false"/>
						<line number="42" hits="0" branch="false"/>
						<line number="44" hits="0" branch="false"/>
						<line number="49" hits="0" branch="false"/>
						<line number="50" hits="0" branch="false"/>
						<line number="51" hits="0" branch="false"/>
						<line number="52" hits="0" branch="false"/>
						<line number="54" hits="0" branch="false"/>
					</lines>
				</class>
				<class name="fiuba.algo3.controlador.ControladorOpcionAceptarEventHandler" filename="fiuba/algo3/controlador/ControladorOpcionAceptarEventHandler.java" line-rate="0.0" branch-rate="1.0" complexity="1.0">
					<methods>
						<method name="&lt;init&gt;" signature="(Ljavafx/stage/Stage;)V" line-rate="0.0" branch-rate="1.0" complexity="0">
							<lines>
								<line number="14" hits="0" branch="false"/>
								<line number="15" hits="0" branch="false"/>
								<line number="16" hits="0" branch="false"/>
							</lines>
						</method>
						<method name="handle" signature="(Ljavafx/event/ActionEvent;)V" line-rate="0.0" branch-rate="1.0" complexity="0">
							<lines>
								<line number="20" hits="0" branch="false"/>
								<line number="21" hits="0" branch="false"/>
								<line number="22" hits="0" branch="false"/>
								<line number="23" hits="0" branch="false"/>
								<line number="24" hits="0" branch="false"/>
								<line number="25" hits="0" branch="false"/>
								<line number="26" hits="0" branch="false"/>
								<line number="27" hits="0" branch="false"/>
								<line number="29" hits="0" branch="false"/>
							</lines>
						</method>
						<method name="handle" signature="(Ljavafx/event/Event;)V" line-rate="0.0" branch-rate="1.0" complexity="0">
							<lines>
								<line number="12" hits="0" branch="false"/>
							</lines>
						</method>
					</methods>
					<lines>
						<line number="12" hits="0" branch="false"/>
						<line number="14" hits="0" branch="false"/>
						<line number="15" hits="0" branch="false"/>
						<line number="16" hits="0" branch="false"/>
						<line number="20" hits="0" branch="false"/>
						<line number="21" hits="0" branch="false"/>
						<line number="22" hits="0" branch="false"/>
						<line number="23" hits="0" branch="false"/>
						<line number="24" hits="0" branch="false"/>
						<line number="25" hits="0" branch="false"/>
						<line number="26" hits="0" branch="false"/>
						<line number="27" hits="0" branch="false"/>
						<line number="29" hits="0" branch="false"/>
					</lines>
				</class>
				<class name="fiuba.algo3.controlador.ControladorOpcionAcercaDeEventHandler" filename="fiuba/algo3/controlador/ControladorOpcionAcercaDeEventHandler.java" line-rate="0.0" branch-rate="1.0" complexity="1.0">
					<methods>
						<method name="&lt;init&gt;" signature="()V" line-rate="1.0" branch-rate="1.0" complexity="0">
							<lines>
							</lines>
						</method>
						<method name="handle" signature="(Ljavafx/event/ActionEvent;)V" line-rate="0.0" branch-rate="1.0" complexity="0">
							<lines>
								<line number="23" hits="0" branch="false"/>
							</lines>
						</method>
						<method name="handle" signature="(Ljavafx/event/Event;)V" line-rate="0.0" branch-rate="1.0" complexity="0">
							<lines>
								<line number="9" hits="0" branch="false"/>
							</lines>
						</method>
					</methods>
					<lines>
						<line number="9" hits="0" branch="false"/>
						<line number="23" hits="0" branch="false"/>
					</lines>
				</class>
				<class name="fiuba.algo3.controlador.ControladorOpcionAtacarEventHandler" filename="fiuba/algo3/controlador/ControladorOpcionAtacarEventHandler.java" line-rate="0.0" branch-rate="0.0" complexity="2.3333333333333335">
					<methods>
						<method name="&lt;init&gt;" signature="(Lfiuba/algo3/controlador/ControladorDeMovimientos;Ljava/util/ArrayList;Lfiuba/algo3/vista/VistaJuego;)V" line-rate="0.0" branch-rate="1.0" complexity="0">
							<lines>
								<line number="16" hits="0" branch="false"/>
								<line number="17" hits="0" branch="false"/>
								<line number="18" hits="0" branch="false"/>
								<line number="19" hits="0" branch="false"/>
								<line number="20" hits="0" branch="false"/>
								<line number="21" hits="0" branch="false"/>
							</lines>
						</method>
						<method name="buscarFormerAAtacar" signature="(Lfiuba/algo3/modelo/Casillero;Ljava/util/ArrayList;)V" line-rate="0.0" branch-rate="0.0" complexity="0">
							<lines>
								<line number="24" hits="0" branch="true" condition-coverage="0% (0/4)">
									<conditions>
										<condition number="0" type="jump" coverage="0%"/>
										<condition number="1" type="jump" coverage="0%"/>
									</conditions>
								</line>
								<line number="25" hits="0" branch="false"/>
								<line number="26" hits="0" branch="true" condition-coverage="0% (0/2)">
									<conditions>
										<condition number="0" type="jump" coverage="0%"/>
									</conditions>
								</line>
								<line number="27" hits="0" branch="false"/>
								<line number="28" hits="0" branch="false"/>
								<line number="31" hits="0" branch="false"/>
							</lines>
						</method>
						<method name="handle" signature="(Ljavafx/event/ActionEvent;)V" line-rate="0.0" branch-rate="0.0" complexity="0">
							<lines>
								<line number="35" hits="0" branch="false"/>
								<line number="36" hits="0" branch="true" condition-coverage="0% (0/2)">
									<conditions>
										<condition number="0" type="jump" coverage="0%"/>
									</conditions>
								</line>
								<line number="37" hits="0" branch="false"/>
								<line number="39" hits="0" branch="false"/>
								<line number="40" hits="0" branch="false"/>
							</lines>
						</method>
						<method name="handle" signature="(Ljavafx/event/Event;)V" line-rate="0.0" branch-rate="1.0" complexity="0">
							<lines>
								<line number="10" hits="0" branch="false"/>
							</lines>
						</method>
					</methods>
					<lines>
						<line number="10" hits="0" branch="false"/>
						<line number="16" hits="0" branch="false"/>
						<line number="17" hits="0" branch="false"/>
						<line number="18" hits="0" branch="false"/>
						<line number="19" hits="0" branch="false"/>
						<line number="20" hits="0" branch="false"/>
						<line number="21" hits="0" branch="false"/>
						<line number="24" hits="0" branch="true" condition-coverage="0% (0/4)">
							<conditions>
								<condition number="0" type="jump" coverage="0%"/>
								<condition number="1" type="jump" coverage="0%"/>
							</conditions>
						</line>
						<line number="25" hits="0" branch="false"/>
						<line number="26" hits="0" branch="true" condition-coverage="0% (0/2)">
							<conditions>
								<condition number="0" type="jump" coverage="0%"/>
							</conditions>
						</line>
						<line number="27" hits="0" branch="false"/>
						<line number="28" hits="0" branch="false"/>
						<line number="31" hits="0" branch="false"/>
						<line number="35" hits="0" branch="false"/>
						<line number="36" hits="0" branch="true" condition-coverage="0% (0/2)">
							<conditions>
								<condition number="0" type="jump" coverage="0%"/>
							</conditions>
						</line>
						<line number="37" hits="0" branch="false"/>
						<line number="39" hits="0" branch="false"/>
						<line number="40" hits="0" branch="false"/>
					</lines>
				</class>
				<class name="fiuba.algo3.controlador.ControladorOpcionCambiarEstadoAlternativoEventHandler" filename="fiuba/algo3/controlador/ControladorOpcionCambiarEstadoAlternativoEventHandler.java" line-rate="0.0" branch-rate="1.0" complexity="1.0">
					<methods>
						<method name="&lt;init&gt;" signature="(Lfiuba/algo3/modelo/AlgoFormer;Lfiuba/algo3/vista/VistaJuego;)V" line-rate="0.0" branch-rate="1.0" complexity="0">
							<lines>
								<line number="17" hits="0" branch="false"/>
								<line number="18" hits="0" branch="false"/>
								<line number="19" hits="0" branch="false"/>
								<line number="20" hits="0" branch="false"/>
							</lines>
						</method>
						<method name="handle" signature="(Ljavafx/event/ActionEvent;)V" line-rate="0.0" branch-rate="1.0" complexity="0">
							<lines>
								<line number="24" hits="0" branch="false"/>
								<line number="29" hits="0" branch="false"/>
								<line number="30" hits="0" branch="false"/>
							</lines>
						</method>
						<method name="handle" signature="(Ljavafx/event/Event;)V" line-rate="0.0" branch-rate="1.0" complexity="0">
							<lines>
								<line number="12" hits="0" branch="false"/>
							</lines>
						</method>
					</methods>
					<lines>
						<line number="12" hits="0" branch="false"/>
						<line number="17" hits="0" branch="false"/>
						<line number="18" hits="0" branch="false"/>
						<line number="19" hits="0" branch="false"/>
						<line number="20" hits="0" branch="false"/>
						<line number="24" hits="0" branch="false"/>
						<line number="29" hits="0" branch="false"/>
						<line number="30" hits="0" branch="false"/>
					</lines>
				</class>
				<class name="fiuba.algo3.controlador.ControladorOpcionCambiarEstadoHumanoideEventHandler" filename="fiuba/algo3/controlador/ControladorOpcionCambiarEstadoHumanoideEventHandler.java" line-rate="0.0" branch-rate="1.0" complexity="1.0">
					<methods>
						<method name="&lt;init&gt;" signature="(Lfiuba/algo3/modelo/AlgoFormer;Lfiuba/algo3/vista/VistaJuego;)V" line-rate="0.0" branch-rate="1.0" complexity="0">
							<lines>
								<line number="16" hits="0" branch="false"/>
								<line number="17" hits="0" branch="false"/>
								<line number="18" hits="0" branch="false"/>
								<line number="19" hits="0" branch="false"/>
							</lines>
						</method>
						<method name="handle" signature="(Ljavafx/event/ActionEvent;)V" line-rate="0.0" branch-rate="1.0" complexity="0">
							<lines>
								<line number="23" hits="0" branch="false"/>
								<line number="28" hits="0" branch="false"/>
								<line number="30" hits="0" branch="false"/>
							</lines>
						</method>
						<method name="handle" signature="(Ljavafx/event/Event;)V" line-rate="0.0" branch-rate="1.0" complexity="0">
							<lines>
								<line number="12" hits="0" branch="false"/>
							</lines>
						</method>
					</methods>
					<lines>
						<line number="12" hits="0" branch="false"/>
						<line number="16" hits="0" branch="false"/>
						<line number="17" hits="0" branch="false"/>
						<line number="18" hits="0" branch="false"/>
						<line number="19" hits="0" branch="false"/>
						<line number="23" hits="0" branch="false"/>
						<line number="28" hits="0" branch="false"/>
						<line number="30" hits="0" branch="false"/>
					</lines>
				</class>
				<class name="fiuba.algo3.controlador.ControladorOpcionCasilleroEventHandler" filename="fiuba/algo3/controlador/ControladorOpcionCasilleroEventHandler.java" line-rate="0.0" branch-rate="1.0" complexity="1.0">
					<methods>
						<method name="&lt;init&gt;" signature="(Lfiuba/algo3/modelo/Casillero;Lfiuba/algo3/controlador/ControladorDeMovimientos;)V" line-rate="0.0" branch-rate="1.0" complexity="0">
							<lines>
								<line number="24" hits="0" branch="false"/>
								<line number="25" hits="0" branch="false"/>
								<line number="26" hits="0" branch="false"/>
								<line number="27" hits="0" branch="false"/>
							</lines>
						</method>
						<method name="handle" signature="(Ljavafx/event/ActionEvent;)V" line-rate="0.0" branch-rate="1.0" complexity="0">
							<lines>
								<line number="32" hits="0" branch="false"/>
								<line number="45" hits="0" branch="false"/>
							</lines>
						</method>
						<method name="handle" signature="(Ljavafx/event/Event;)V" line-rate="0.0" branch-rate="1.0" complexity="0">
							<lines>
								<line number="16" hits="0" branch="false"/>
							</lines>
						</method>
					</methods>
					<lines>
						<line number="16" hits="0" branch="false"/>
						<line number="24" hits="0" branch="false"/>
						<line number="25" hits="0" branch="false"/>
						<line number="26" hits="0" branch="false"/>
						<line number="27" hits="0" branch="false"/>
						<line number="32" hits="0" branch="false"/>
						<line number="45" hits="0" branch="false"/>
					</lines>
				</class>
				<class name="fiuba.algo3.controlador.ControladorOpcionInstructivoEventHandler" filename="fiuba/algo3/controlador/ControladorOpcionInstructivoEventHandler.java" line-rate="0.0" branch-rate="1.0" complexity="1.0">
					<methods>
						<method name="&lt;init&gt;" signature="()V" line-rate="1.0" branch-rate="1.0" complexity="0">
							<lines>
							</lines>
						</method>
						<method name="handle" signature="(Ljavafx/event/ActionEvent;)V" line-rate="0.0" branch-rate="1.0" complexity="0">
							<lines>
								<line number="31" hits="0" branch="false"/>
							</lines>
						</method>
						<method name="handle" signature="(Ljavafx/event/Event;)V" line-rate="0.0" branch-rate="1.0" complexity="0">
							<lines>
								<line number="8" hits="0" branch="false"/>
							</lines>
						</method>
					</methods>
					<lines>
						<line number="8" hits="0" branch="false"/>
						<line number="31" hits="0" branch="false"/>
					</lines>
				</class>
				<class name="fiuba.algo3.controlador.ControladorOpcionJugarEventHandler" filename="fiuba/algo3/controlador/ControladorOpcionJugarEventHandler.java" line-rate="0.0" branch-rate="1.0" complexity="1.0">
					<methods>
						<method name="&lt;init&gt;" signature="(Ljavafx/stage/Stage;Lfiuba/algo3/vista/VistaMenuPrincipal;)V" line-rate="0.0" branch-rate="1.0" complexity="0">
							<lines>
								<line number="18" hits="0" branch="false"/>
								<line number="19" hits="0" branch="false"/>
								<line number="24" hits="0" branch="false"/>
								<line number="25" hits="0" branch="false"/>
								<line number="26" hits="0" branch="false"/>
								<line number="27" hits="0" branch="false"/>
							</lines>
						</method>
						<method name="handle" signature="(Ljavafx/event/ActionEvent;)V" line-rate="0.0" branch-rate="1.0" complexity="0">
							<lines>
								<line number="38" hits="0" branch="false"/>
								<line number="39" hits="0" branch="false"/>
								<line number="40" hits="0" branch="false"/>
								<line number="41" hits="0" branch="false"/>
								<line number="42" hits="0" branch="false"/>
							</lines>
						</method>
						<method name="handle" signature="(Ljavafx/event/Event;)V" line-rate="0.0" branch-rate="1.0" complexity="0">
							<lines>
								<line number="17" hits="0" branch="false"/>
							</lines>
						</method>
					</methods>
					<lines>
						<line number="17" hits="0" branch="false"/>
						<line number="18" hits="0" branch="false"/>
						<line number="19" hits="0" branch="false"/>
						<line number="24" hits="0" branch="false"/>
						<line number="25" hits="0" branch="false"/>
						<line number="26" hits="0" branch="false"/>
						<line number="27" hits="0" branch="false"/>
						<line number="38" hits="0" branch="false"/>
						<line number="39" hits="0" branch="false"/>
						<line number="40" hits="0" branch="false"/>
						<line number="41" hits="0" branch="false"/>
						<line number="42" hits="0" branch="false"/>
					</lines>
				</class>
				<class name="fiuba.algo3.controlador.ControladorOpcionMoverEventHandler" filename="fiuba/algo3/controlador/ControladorOpcionMoverEventHandler.java" line-rate="0.0" branch-rate="1.0" complexity="1.0">
					<methods>
						<method name="&lt;init&gt;" signature="(Lfiuba/algo3/controlador/ControladorDeMovimientos;Lfiuba/algo3/vista/VistaJuego;)V" line-rate="0.0" branch-rate="1.0" complexity="0">
							<lines>
								<line number="19" hits="0" branch="false"/>
								<line number="20" hits="0" branch="false"/>
								<line number="21" hits="0" branch="false"/>
								<line number="22" hits="0" branch="false"/>
							</lines>
						</method>
						<method name="handle" signature="(Ljavafx/event/ActionEvent;)V" line-rate="0.0" branch-rate="1.0" complexity="0">
							<lines>
								<line number="26" hits="0" branch="false"/>
								<line number="27" hits="0" branch="false"/>
								<line number="29" hits="0" branch="false"/>
							</lines>
						</method>
						<method name="handle" signature="(Ljavafx/event/Event;)V" line-rate="0.0" branch-rate="1.0" complexity="0">
							<lines>
								<line number="14" hits="0" branch="false"/>
							</lines>
						</method>
					</methods>
					<lines>
						<line number="14" hits="0" branch="false"/>
						<line number="19" hits="0" branch="false"/>
						<line number="20" hits="0" branch="false"/>
						<line number="21" hits="0" branch="false"/>
						<line number="22" hits="0" branch="false"/>
						<line number="26" hits="0" branch="false"/>
						<line number="27" hits="0" branch="false"/>
						<line number="29" hits="0" branch="false"/>
					</lines>
				</class>
				<class name="fiuba.algo3.controlador.ControladorOpcionNuevoJuegoEventHandler" filename="fiuba/algo3/controlador/ControladorOpcionNuevoJuegoEventHandler.java" line-rate="0.0" branch-rate="1.0" complexity="1.0">
					<methods>
						<method name="&lt;init&gt;" signature="(Ljavafx/stage/Stage;Lfiuba/algo3/vista/VistaJuego;)V" line-rate="0.0" branch-rate="1.0" complexity="0">
							<lines>
								<line number="27" hits="0" branch="false"/>
								<line number="28" hits="0" branch="false"/>
								<line number="29" hits="0" branch="false"/>
								<line number="30" hits="0" branch="false"/>
							</lines>
						</method>
						<method name="handle" signature="(Ljavafx/event/ActionEvent;)V" line-rate="0.0" branch-rate="1.0" complexity="0">
							<lines>
								<line number="36" hits="0" branch="false"/>
								<line number="37" hits="0" branch="false"/>
								<line number="38" hits="0" branch="false"/>
								<line number="39" hits="0" branch="false"/>
								<line number="42" hits="0" branch="false"/>
							</lines>
						</method>
						<method name="handle" signature="(Ljavafx/event/Event;)V" line-rate="0.0" branch-rate="1.0" complexity="0">
							<lines>
								<line number="22" hits="0" branch="false"/>
							</lines>
						</method>
					</methods>
					<lines>
						<line number="22" hits="0" branch="false"/>
						<line number="27" hits="0" branch="false"/>
						<line number="28" hits="0" branch="false"/>
						<line number="29" hits="0" branch="false"/>
						<line number="30" hits="0" branch="false"/>
						<line number="36" hits="0" branch="false"/>
						<line number="37" hits="0" branch="false"/>
						<line number="38" hits="0" branch="false"/>
						<line number="39" hits="0" branch="false"/>
						<line number="42" hits="0" branch="false"/>
					</lines>
				</class>
				<class name="fiuba.algo3.controlador.ControladorOpcionPantallaCompletaEventHandler" filename="fiuba/algo3/controlador/ControladorOpcionPantallaCompletaEventHandler.java" line-rate="0.0" branch-rate="0.0" complexity="1.5">
					<methods>
						<method name="&lt;init&gt;" signature="(Ljavafx/stage/Stage;Ljavafx/scene/control/MenuItem;)V" line-rate="0.0" branch-rate="1.0" complexity="0">
							<lines>
								<line number="13" hits="0" branch="false"/>
								<line number="14" hits="0" branch="false"/>
								<line number="15" hits="0" branch="false"/>
								<line number="16" hits="0" branch="false"/>
							</lines>
						</method>
						<method name="handle" signature="(Ljavafx/event/ActionEvent;)V" line-rate="0.0" branch-rate="0.0" complexity="0">
							<lines>
								<line number="20" hits="0" branch="true" condition-coverage="0% (0/2)">
									<conditions>
										<condition number="0" type="jump" coverage="0%"/>
									</conditions>
								</line>
								<line number="21" hits="0" branch="false"/>
								<line number="22" hits="0" branch="false"/>
								<line number="23" hits="0" branch="false"/>
								<line number="24" hits="0" branch="false"/>
								<line number="26" hits="0" branch="false"/>
							</lines>
						</method>
						<method name="handle" signature="(Ljavafx/event/Event;)V" line-rate="0.0" branch-rate="1.0" complexity="0">
							<lines>
								<line number="8" hits="0" branch="false"/>
							</lines>
						</method>
					</methods>
					<lines>
						<line number="8" hits="0" branch="false"/>
						<line number="13" hits="0" branch="false"/>
						<line number="14" hits="0" branch="false"/>
						<line number="15" hits="0" branch="false"/>
						<line number="16" hits="0" branch="false"/>
						<line number="20" hits="0" branch="true" condition-coverage="0% (0/2)">
							<conditions>
								<condition number="0" type="jump" coverage="0%"/>
							</conditions>
						</line>
						<line number="21" hits="0" branch="false"/>
						<line number="22" hits="0" branch="false"/>
						<line number="23" hits="0" branch="false"/>
						<line number="24" hits="0" branch="false"/>
						<line number="26" hits="0" branch="false"/>
					</lines>
				</class>
				<class name="fiuba.algo3.controlador.ControladorOpcionPasarTurnoEventHandler" filename="fiuba/algo3/controlador/ControladorOpcionPasarTurnoEventHandler.java" line-rate="0.0" branch-rate="1.0" complexity="1.0">
					<methods>
						<method name="&lt;init&gt;" signature="(Lfiuba/algo3/modelo/Juego;Ljavafx/scene/control/Label;)V" line-rate="0.0" branch-rate="1.0" complexity="0">
							<lines>
								<line number="18" hits="0" branch="false"/>
								<line number="19" hits="0" branch="false"/>
								<line number="20" hits="0" branch="false"/>
								<line number="21" hits="0" branch="false"/>
							</lines>
						</method>
						<method name="handle" signature="(Ljavafx/event/ActionEvent;)V" line-rate="0.0" branch-rate="1.0" complexity="0">
							<lines>
								<line number="25" hits="0" branch="false"/>
								<line number="26" hits="0" branch="false"/>
								<line number="27" hits="0" branch="false"/>
							</lines>
						</method>
						<method name="handle" signature="(Ljavafx/event/Event;)V" line-rate="0.0" branch-rate="1.0" complexity="0">
							<lines>
								<line number="13" hits="0" branch="false"/>
							</lines>
						</method>
					</methods>
					<lines>
						<line number="13" hits="0" branch="false"/>
						<line number="18" hits="0" branch="false"/>
						<line number="19" hits="0" branch="false"/>
						<line number="20" hits="0" branch="false"/>
						<line number="21" hits="0" branch="false"/>
						<line number="25" hits="0" branch="false"/>
						<line number="26" hits="0" branch="false"/>
						<line number="27" hits="0" branch="false"/>
					</lines>
				</class>
				<class name="fiuba.algo3.controlador.ControladorOpcionSalirEventHandler" filename="fiuba/algo3/controlador/ControladorOpcionSalirEventHandler.java" line-rate="0.0" branch-rate="1.0" complexity="1.0">
					<methods>
						<method name="&lt;init&gt;" signature="()V" line-rate="1.0" branch-rate="1.0" complexity="0">
							<lines>
							</lines>
						</method>
						<method name="handle" signature="(Ljavafx/event/ActionEvent;)V" line-rate="0.0" branch-rate="1.0" complexity="0">
							<lines>
								<line number="11" hits="0" branch="false"/>
								<line number="12" hits="0" branch="false"/>
							</lines>
						</method>
						<method name="handle" signature="(Ljavafx/event/Event;)V" line-rate="0.0" branch-rate="1.0" complexity="0">
							<lines>
								<line number="7" hits="0" branch="false"/>
							</lines>
						</method>
					</methods>
					<lines>
						<line number="7" hits="0" branch="false"/>
						<line number="11" hits="0" branch="false"/>
						<line number="12" hits="0" branch="false"/>
					</lines>
				</class>
				<class name="fiuba.algo3.controlador.ControladorSilenciarMusicaEventHandler" filename="fiuba/algo3/controlador/ControladorSilenciarMusicaEventHandler.java" line-rate="0.0" branch-rate="1.0" complexity="1.0">
					<methods>
						<method name="&lt;init&gt;" signature="(Lfiuba/algo3/vista/VistaJuego;)V" line-rate="0.0" branch-rate="1.0" complexity="0">
							<lines>
								<line number="13" hits="0" branch="false"/>
								<line number="14" hits="0" branch="false"/>
								<line number="15" hits="0" branch="false"/>
							</lines>
						</method>
						<method name="handle" signature="(Ljavafx/event/ActionEvent;)V" line-rate="0.0" branch-rate="1.0" complexity="0">
							<lines>
								<line number="21" hits="0" branch="false"/>
							</lines>
						</method>
						<method name="handle" signature="(Ljavafx/event/Event;)V" line-rate="0.0" branch-rate="1.0" complexity="0">
							<lines>
								<line number="10" hits="0" branch="false"/>
							</lines>
						</method>
					</methods>
					<lines>
						<line number="10" hits="0" branch="false"/>
						<line number="13" hits="0" branch="false"/>
						<line number="14" hits="0" branch="false"/>
						<line number="15" hits="0" branch="false"/>
						<line number="21" hits="0" branch="false"/>
					</lines>
				</class>
				<class name="fiuba.algo3.controlador.SeleccionarFormerEventHandler" filename="fiuba/algo3/controlador/SeleccionarFormerEventHandler.java" line-rate="0.0" branch-rate="1.0" complexity="1.0">
					<methods>
						<method name="&lt;init&gt;" signature="(Lfiuba/algo3/modelo/AlgoFormer;Lfiuba/algo3/modelo/Juego;Lfiuba/algo3/controlador/ControladorDeMovimientos;Lfiuba/algo3/vista/VistaJuego;)V" line-rate="0.0" branch-rate="1.0" complexity="0">
							<lines>
								<line number="44" hits="0" branch="false"/>
								<line number="45" hits="0" branch="false"/>
								<line number="46" hits="0" branch="false"/>
								<line number="47" hits="0" branch="false"/>
								<line number="48" hits="0" branch="false"/>
								<line number="49" hits="0" branch="false"/>
							</lines>
						</method>
						<method name="handle" signature="(Ljavafx/event/ActionEvent;)V" line-rate="0.0" branch-rate="1.0" complexity="0">
							<lines>
								<line number="55" hits="0" branch="false"/>
								<line number="56" hits="0" branch="false"/>
								<line number="57" hits="0" branch="false"/>
								<line number="58" hits="0" branch="false"/>
								<line number="60" hits="0" branch="false"/>
							</lines>
						</method>
						<method name="handle" signature="(Ljavafx/event/Event;)V" line-rate="0.0" branch-rate="1.0" complexity="0">
							<lines>
								<line number="35" hits="0" branch="false"/>
							</lines>
						</method>
					</methods>
					<lines>
						<line number="35" hits="0" branch="false"/>
						<line number="44" hits="0" branch="false"/>
						<line number="45" hits="0" branch="false"/>
						<line number="46" hits="0" branch="false"/>
						<line number="47" hits="0" branch="false"/>
						<line number="48" hits="0" branch="false"/>
						<line number="49" hits="0" branch="false"/>
						<line number="55" hits="0" branch="false"/>
						<line number="56" hits="0" branch="false"/>
						<line number="57" hits="0" branch="false"/>
						<line number="58" hits="0" branch="false"/>
						<line number="60" hits="0" branch="false"/>
					</lines>
				</class>
			</classes>
		</package>
		<package name="fiuba.algo3.modelo" line-rate="0.9168173598553345" branch-rate="0.7651515151515151" complexity="1.6923076923076923">
			<classes>
				<class name="fiuba.algo3.modelo.AlgoFormer" filename="fiuba/algo3/modelo/AlgoFormer.java" line-rate="0.9438202247191011" branch-rate="0.8571428571428571" complexity="1.7692307692307692">
					<methods>
						<method name="&lt;init&gt;" signature="()V" line-rate="1.0" branch-rate="1.0" complexity="0">
							<lines>
								<line number="39" hits="74" branch="false"/>
								<line number="40" hits="74" branch="false"/>
								<line number="41" hits="74" branch="false"/>
								<line number="42" hits="74" branch="false"/>
								<line number="43" hits="74" branch="false"/>
								<line number="44" hits="74" branch="false"/>
							</lines>
						</method>
						<method name="&lt;init&gt;" signature="(Lfiuba/algo3/modelo/Casillero;)V" line-rate="1.0" branch-rate="1.0" complexity="0">
							<lines>
								<line number="26" hits="212" branch="false"/>
								<line number="27" hits="212" branch="false"/>
								<line number="28" hits="212" branch="false"/>
								<line number="30" hits="212" branch="true" condition-coverage="100% (2/2)">
									<conditions>
										<condition number="0" type="jump" coverage="100%"/>
									</conditions>
								</line>
								<line number="31" hits="1" branch="false"/>
								<line number="33" hits="211" branch="false"/>
								<line number="34" hits="211" branch="false"/>
								<line number="35" hits="211" branch="false"/>
								<line number="37" hits="211" branch="false"/>
								<line number="38" hits="211" branch="false"/>
							</lines>
						</method>
						<method name="activarEstadoPisionico" signature="()V" line-rate="1.0" branch-rate="1.0" complexity="0">
							<lines>
								<line number="174" hits="2" branch="false"/>
								<line number="175" hits="2" branch="false"/>
							</lines>
						</method>
						<method name="asignarValoresStats" signature="(III)V" line-rate="1.0" branch-rate="1.0" complexity="0">
							<lines>
								<line number="152" hits="986" branch="false"/>
								<line number="153" hits="986" branch="false"/>
								<line number="154" hits="986" branch="false"/>
								<line number="155" hits="986" branch="false"/>
							</lines>
						</method>
						<method name="atacar" signature="(Lfiuba/algo3/modelo/AlgoFormer;)V" line-rate="1.0" branch-rate="0.8333333333333334" complexity="0">
							<lines>
								<line number="70" hits="182" branch="true" condition-coverage="75% (3/4)">
									<conditions>
										<condition number="0" type="jump" coverage="50%"/>
										<condition number="1" type="jump" coverage="100%"/>
									</conditions>
								</line>
								<line number="71" hits="1" branch="false"/>
								<line number="74" hits="181" branch="true" condition-coverage="100% (2/2)">
									<conditions>
										<condition number="0" type="jump" coverage="100%"/>
									</conditions>
								</line>
								<line number="75" hits="3" branch="false"/>
								<line number="77" hits="178" branch="false"/>
								<line number="78" hits="177" branch="false"/>
								<line number="80" hits="177" branch="false"/>
								<line number="81" hits="177" branch="false"/>
							</lines>
						</method>
						<method name="avanzar" signature="(Lfiuba/algo3/modelo/Casillero;)V" line-rate="1.0" branch-rate="1.0" complexity="0">
							<lines>
								<line number="49" hits="684" branch="true" condition-coverage="100% (4/4)">
									<conditions>
										<condition number="0" type="jump" coverage="100%"/>
										<condition number="1" type="jump" coverage="100%"/>
									</conditions>
								</line>
								<line number="50" hits="7" branch="false"/>
								<line number="53" hits="677" branch="false"/>
								<line number="55" hits="672" branch="true" condition-coverage="100% (2/2)">
									<conditions>
										<condition number="0" type="jump" coverage="100%"/>
									</conditions>
								</line>
								<line number="56" hits="1" branch="false"/>
								<line number="58" hits="671" branch="false"/>
								<line number="59" hits="671" branch="false"/>
								<line number="60" hits="671" branch="false"/>
								<line number="61" hits="671" branch="false"/>
								<line number="62" hits="671" branch="false"/>
								<line number="63" hits="657" branch="false"/>
								<line number="65" hits="657" branch="false"/>
								<line number="66" hits="657" branch="false"/>
							</lines>
						</method>
						<method name="bloquearTurnos" signature="(I)V" line-rate="1.0" branch-rate="1.0" complexity="0">
							<lines>
								<line number="164" hits="2" branch="false"/>
								<line number="165" hits="2" branch="false"/>
							</lines>
						</method>
						<method name="cambiarEstadoAlternativo" signature="()V" line-rate="1.0" branch-rate="0.75" complexity="0">
							<lines>
								<line number="96" hits="28" branch="true" condition-coverage="75% (3/4)">
									<conditions>
										<condition number="0" type="jump" coverage="50%"/>
										<condition number="1" type="jump" coverage="100%"/>
									</conditions>
								</line>
								<line number="97" hits="1" branch="false"/>
								<line number="100" hits="27" branch="false"/>
								<line number="101" hits="27" branch="false"/>
								<line number="102" hits="27" branch="false"/>
								<line number="104" hits="27" branch="false"/>
								<line number="105" hits="27" branch="false"/>
							</lines>
						</method>
						<method name="cambiarEstadoHumanoide" signature="()V" line-rate="0.8571428571428571" branch-rate="0.5" complexity="0">
							<lines>
								<line number="109" hits="1" branch="true" condition-coverage="50% (1/2)">
									<conditions>
										<condition number="0" type="jump" coverage="50%"/>
									</conditions>
								</line>
								<line number="110" hits="0" branch="false"/>
								<line number="113" hits="1" branch="false"/>
								<line number="114" hits="1" branch="false"/>
								<line number="115" hits="1" branch="false"/>
								<line number="117" hits="1" branch="false"/>
								<line number="118" hits="1" branch="false"/>
							</lines>
						</method>
						<method name="destruir" signature="()V" line-rate="1.0" branch-rate="1.0" complexity="0">
							<lines>
								<line number="214" hits="7" branch="false"/>
								<line number="215" hits="7" branch="false"/>
								<line number="216" hits="7" branch="false"/>
								<line number="217" hits="7" branch="false"/>
							</lines>
						</method>
						<method name="estaMuerto" signature="()Z" line-rate="1.0" branch-rate="1.0" complexity="0">
							<lines>
								<line number="122" hits="63" branch="true" condition-coverage="100% (2/2)">
									<conditions>
										<condition number="0" type="jump" coverage="100%"/>
									</conditions>
								</line>
							</lines>
						</method>
						<method name="estaPisionico" signature="()Z" line-rate="1.0" branch-rate="1.0" complexity="0">
							<lines>
								<line number="184" hits="4" branch="false"/>
							</lines>
						</method>
						<method name="getAtaque" signature="()I" line-rate="0.0" branch-rate="1.0" complexity="0">
							<lines>
								<line number="147" hits="0" branch="false"/>
							</lines>
						</method>
						<method name="getBonus" signature="()Lfiuba/algo3/modelo/Bonus;" line-rate="1.0" branch-rate="1.0" complexity="0">
							<lines>
								<line number="199" hits="3" branch="false"/>
							</lines>
						</method>
						<method name="getEquipo" signature="()Lfiuba/algo3/modelo/Equipo;" line-rate="0.0" branch-rate="1.0" complexity="0">
							<lines>
								<line number="132" hits="0" branch="false"/>
							</lines>
						</method>
						<method name="getEstado" signature="()Ljava/lang/String;" line-rate="0.0" branch-rate="1.0" complexity="0">
							<lines>
								<line number="209" hits="0" branch="false"/>
							</lines>
						</method>
						<method name="getMovDisponibles" signature="()I" line-rate="1.0" branch-rate="1.0" complexity="0">
							<lines>
								<line number="194" hits="2" branch="false"/>
							</lines>
						</method>
						<method name="getNombre" signature="()Ljava/lang/String;" line-rate="1.0" branch-rate="1.0" complexity="0">
							<lines>
								<line number="204" hits="6" branch="false"/>
							</lines>
						</method>
						<method name="getPosicion" signature="()Lfiuba/algo3/modelo/Casillero;" line-rate="1.0" branch-rate="1.0" complexity="0">
							<lines>
								<line number="189" hits="51" branch="false"/>
							</lines>
						</method>
						<method name="getVelocidad" signature="()I" line-rate="0.0" branch-rate="1.0" complexity="0">
							<lines>
								<line number="142" hits="0" branch="false"/>
							</lines>
						</method>
						<method name="getVida" signature="()I" line-rate="1.0" branch-rate="1.0" complexity="0">
							<lines>
								<line number="137" hits="6" branch="false"/>
							</lines>
						</method>
						<method name="recibirAtaque" signature="(I)V" line-rate="1.0" branch-rate="1.0" complexity="0">
							<lines>
								<line number="127" hits="177" branch="false"/>
								<line number="128" hits="177" branch="false"/>
							</lines>
						</method>
						<method name="reducirAtaqueDeEstadoAlterno" signature="(I)V" line-rate="1.0" branch-rate="1.0" complexity="0">
							<lines>
								<line number="179" hits="2" branch="false"/>
								<line number="180" hits="2" branch="false"/>
								<line number="181" hits="2" branch="false"/>
							</lines>
						</method>
						<method name="reducirVelocidad" signature="(I)V" line-rate="1.0" branch-rate="1.0" complexity="0">
							<lines>
								<line number="169" hits="2" branch="false"/>
								<line number="170" hits="2" branch="false"/>
							</lines>
						</method>
						<method name="reducirVida" signature="(I)V" line-rate="1.0" branch-rate="1.0" complexity="0">
							<lines>
								<line number="159" hits="609" branch="false"/>
								<line number="160" hits="609" branch="false"/>
							</lines>
						</method>
						<method name="siguienteTurno" signature="()V" line-rate="1.0" branch-rate="0.8333333333333334" complexity="0">
							<lines>
								<line number="85" hits="325" branch="false"/>
								<line number="87" hits="325" branch="true" condition-coverage="100% (2/2)">
									<conditions>
										<condition number="0" type="jump" coverage="100%"/>
									</conditions>
								</line>
								<line number="88" hits="303" branch="true" condition-coverage="50% (1/2)">
									<conditions>
										<condition number="0" type="jump" coverage="50%"/>
									</conditions>
								</line>
								<line number="90" hits="325" branch="true" condition-coverage="100% (2/2)">
									<conditions>
										<condition number="0" type="jump" coverage="100%"/>
									</conditions>
								</line>
								<line number="91" hits="196" branch="false"/>
								<line number="92" hits="325" branch="false"/>
							</lines>
						</method>
					</methods>
					<lines>
						<line number="26" hits="212" branch="false"/>
						<line number="27" hits="212" branch="false"/>
						<line number="28" hits="212" branch="false"/>
						<line number="30" hits="212" branch="true" condition-coverage="100% (2/2)">
							<conditions>
								<condition number="0" type="jump" coverage="100%"/>
							</conditions>
						</line>
						<line number="31" hits="1" branch="false"/>
						<line number="33" hits="211" branch="false"/>
						<line number="34" hits="211" branch="false"/>
						<line number="35" hits="211" branch="false"/>
						<line number="37" hits="211" branch="false"/>
						<line number="38" hits="211" branch="false"/>
						<line number="39" hits="74" branch="false"/>
						<line number="40" hits="74" branch="false"/>
						<line number="41" hits="74" branch="false"/>
						<line number="42" hits="74" branch="false"/>
						<line number="43" hits="74" branch="false"/>
						<line number="44" hits="74" branch="false"/>
						<line number="49" hits="684" branch="true" condition-coverage="100% (4/4)">
							<conditions>
								<condition number="0" type="jump" coverage="100%"/>
								<condition number="1" type="jump" coverage="100%"/>
							</conditions>
						</line>
						<line number="50" hits="7" branch="false"/>
						<line number="53" hits="677" branch="false"/>
						<line number="55" hits="672" branch="true" condition-coverage="100% (2/2)">
							<conditions>
								<condition number="0" type="jump" coverage="100%"/>
							</conditions>
						</line>
						<line number="56" hits="1" branch="false"/>
						<line number="58" hits="671" branch="false"/>
						<line number="59" hits="671" branch="false"/>
						<line number="60" hits="671" branch="false"/>
						<line number="61" hits="671" branch="false"/>
						<line number="62" hits="671" branch="false"/>
						<line number="63" hits="657" branch="false"/>
						<line number="65" hits="657" branch="false"/>
						<line number="66" hits="657" branch="false"/>
						<line number="70" hits="182" branch="true" condition-coverage="75% (3/4)">
							<conditions>
								<condition number="0" type="jump" coverage="50%"/>
								<condition number="1" type="jump" coverage="100%"/>
							</conditions>
						</line>
						<line number="71" hits="1" branch="false"/>
						<line number="74" hits="181" branch="true" condition-coverage="100% (2/2)">
							<conditions>
								<condition number="0" type="jump" coverage="100%"/>
							</conditions>
						</line>
						<line number="75" hits="3" branch="false"/>
						<line number="77" hits="178" branch="false"/>
						<line number="78" hits="177" branch="false"/>
						<line number="80" hits="177" branch="false"/>
						<line number="81" hits="177" branch="false"/>
						<line number="85" hits="325" branch="false"/>
						<line number="87" hits="325" branch="true" condition-coverage="100% (2/2)">
							<conditions>
								<condition number="0" type="jump" coverage="100%"/>
							</conditions>
						</line>
						<line number="88" hits="303" branch="true" condition-coverage="50% (1/2)">
							<conditions>
								<condition number="0" type="jump" coverage="50%"/>
							</conditions>
						</line>
						<line number="90" hits="325" branch="true" condition-coverage="100% (2/2)">
							<conditions>
								<condition number="0" type="jump" coverage="100%"/>
							</conditions>
						</line>
						<line number="91" hits="196" branch="false"/>
						<line number="92" hits="325" branch="false"/>
						<line number="96" hits="28" branch="true" condition-coverage="75% (3/4)">
							<conditions>
								<condition number="0" type="jump" coverage="50%"/>
								<condition number="1" type="jump" coverage="100%"/>
							</conditions>
						</line>
						<line number="97" hits="1" branch="false"/>
						<line number="100" hits="27" branch="false"/>
						<line number="101" hits="27" branch="false"/>
						<line number="102" hits="27" branch="false"/>
						<line number="104" hits="27" branch="false"/>
						<line number="105" hits="27" branch="false"/>
						<line number="109" hits="1" branch="true" condition-coverage="50% (1/2)">
							<conditions>
								<condition number="0" type="jump" coverage="50%"/>
							</conditions>
						</line>
						<line number="110" hits="0" branch="false"/>
						<line number="113" hits="1" branch="false"/>
						<line number="114" hits="1" branch="false"/>
						<line number="115" hits="1" branch="false"/>
						<line number="117" hits="1" branch="false"/>
						<line number="118" hits="1" branch="false"/>
						<line number="122" hits="63" branch="true" condition-coverage="100% (2/2)">
							<conditions>
								<condition number="0" type="jump" coverage="100%"/>
							</conditions>
						</line>
						<line number="127" hits="177" branch="false"/>
						<line number="128" hits="177" branch="false"/>
						<line number="132" hits="0" branch="false"/>
						<line number="137" hits="6" branch="false"/>
						<line number="142" hits="0" branch="false"/>
						<line number="147" hits="0" branch="false"/>
						<line number="152" hits="986" branch="false"/>
						<line number="153" hits="986" branch="false"/>
						<line number="154" hits="986" branch="false"/>
						<line number="155" hits="986" branch="false"/>
						<line number="159" hits="609" branch="false"/>
						<line number="160" hits="609" branch="false"/>
						<line number="164" hits="2" branch="false"/>
						<line number="165" hits="2" branch="false"/>
						<line number="169" hits="2" branch="false"/>
						<line number="170" hits="2" branch="false"/>
						<line number="174" hits="2" branch="false"/>
						<line number="175" hits="2" branch="false"/>
						<line number="179" hits="2" branch="false"/>
						<line number="180" hits="2" branch="false"/>
						<line number="181" hits="2" branch="false"/>
						<line number="184" hits="4" branch="false"/>
						<line number="189" hits="51" branch="false"/>
						<line number="194" hits="2" branch="false"/>
						<line number="199" hits="3" branch="false"/>
						<line number="204" hits="6" branch="false"/>
						<line number="209" hits="0" branch="false"/>
						<line number="214" hits="7" branch="false"/>
						<line number="215" hits="7" branch="false"/>
						<line number="216" hits="7" branch="false"/>
						<line number="217" hits="7" branch="false"/>
					</lines>
				</class>
				<class name="fiuba.algo3.modelo.BloqueadoException" filename="fiuba/algo3/modelo/BloqueadoException.java" line-rate="1.0" branch-rate="1.0" complexity="0.0">
					<methods>
						<method name="&lt;init&gt;" signature="()V" line-rate="1.0" branch-rate="1.0" complexity="0">
							<lines>
								<line number="6" hits="9" branch="false"/>
							</lines>
						</method>
					</methods>
					<lines>
						<line number="6" hits="9" branch="false"/>
					</lines>
				</class>
				<class name="fiuba.algo3.modelo.Bonecrusher" filename="fiuba/algo3/modelo/Bonecrusher.java" line-rate="1.0" branch-rate="1.0" complexity="1.0">
					<methods>
						<method name="&lt;init&gt;" signature="(Lfiuba/algo3/modelo/Casillero;)V" line-rate="1.0" branch-rate="1.0" complexity="0">
							<lines>
								<line number="9" hits="23" branch="false"/>
								<line number="10" hits="23" branch="false"/>
								<line number="11" hits="23" branch="false"/>
								<line number="12" hits="23" branch="false"/>
								<line number="13" hits="23" branch="false"/>
								<line number="14" hits="23" branch="false"/>
								<line number="16" hits="23" branch="false"/>
								<line number="17" hits="23" branch="false"/>
								<line number="18" hits="23" branch="false"/>
								<line number="19" hits="23" branch="false"/>
								<line number="20" hits="23" branch="false"/>
								<line number="21" hits="23" branch="false"/>
							</lines>
						</method>
					</methods>
					<lines>
						<line number="9" hits="23" branch="false"/>
						<line number="10" hits="23" branch="false"/>
						<line number="11" hits="23" branch="false"/>
						<line number="12" hits="23" branch="false"/>
						<line number="13" hits="23" branch="false"/>
						<line number="14" hits="23" branch="false"/>
						<line number="16" hits="23" branch="false"/>
						<line number="17" hits="23" branch="false"/>
						<line number="18" hits="23" branch="false"/>
						<line number="19" hits="23" branch="false"/>
						<line number="20" hits="23" branch="false"/>
						<line number="21" hits="23" branch="false"/>
					</lines>
				</class>
				<class name="fiuba.algo3.modelo.Bonus" filename="fiuba/algo3/modelo/Bonus.java" line-rate="0.8148148148148148" branch-rate="0.5555555555555556" complexity="1.5454545454545454">
					<methods>
						<method name="&lt;init&gt;" signature="()V" line-rate="1.0" branch-rate="1.0" complexity="0">
							<lines>
								<line number="8" hits="286" branch="false"/>
								<line number="9" hits="286" branch="false"/>
								<line number="10" hits="286" branch="false"/>
								<line number="25" hits="286" branch="false"/>
								<line number="27" hits="286" branch="false"/>
							</lines>
						</method>
						<method name="agregarDobleCanion" signature="()V" line-rate="1.0" branch-rate="1.0" complexity="0">
							<lines>
								<line number="66" hits="3" branch="false"/>
								<line number="67" hits="3" branch="false"/>
							</lines>
						</method>
						<method name="agregarInmortalidad" signature="()V" line-rate="1.0" branch-rate="1.0" complexity="0">
							<lines>
								<line number="71" hits="1" branch="false"/>
								<line number="72" hits="1" branch="false"/>
							</lines>
						</method>
						<method name="agregarVelocidad" signature="()V" line-rate="1.0" branch-rate="1.0" complexity="0">
							<lines>
								<line number="76" hits="1" branch="false"/>
								<line number="77" hits="1" branch="false"/>
							</lines>
						</method>
						<method name="aplicarBonusAtaque" signature="(I)I" line-rate="1.0" branch-rate="1.0" complexity="0">
							<lines>
								<line number="46" hits="177" branch="true" condition-coverage="100% (2/2)">
									<conditions>
										<condition number="0" type="jump" coverage="100%"/>
									</conditions>
								</line>
								<line number="47" hits="177" branch="false"/>
							</lines>
						</method>
						<method name="aplicarBonusInmortal" signature="(I)I" line-rate="1.0" branch-rate="1.0" complexity="0">
							<lines>
								<line number="59" hits="177" branch="true" condition-coverage="100% (2/2)">
									<conditions>
										<condition number="0" type="jump" coverage="100%"/>
									</conditions>
								</line>
								<line number="60" hits="177" branch="false"/>
							</lines>
						</method>
						<method name="aplicarBonusVelocidad" signature="(I)I" line-rate="1.0" branch-rate="1.0" complexity="0">
							<lines>
								<line number="52" hits="677" branch="true" condition-coverage="100% (2/2)">
									<conditions>
										<condition number="0" type="jump" coverage="100%"/>
									</conditions>
								</line>
								<line number="53" hits="677" branch="false"/>
							</lines>
						</method>
						<method name="siguienteTurno" signature="()V" line-rate="0.7142857142857143" branch-rate="0.6666666666666666" complexity="0">
							<lines>
								<line number="14" hits="328" branch="true" condition-coverage="50% (1/2)">
									<conditions>
										<condition number="0" type="jump" coverage="50%"/>
									</conditions>
								</line>
								<line number="15" hits="0" branch="false"/>
								<line number="17" hits="328" branch="true" condition-coverage="100% (2/2)">
									<conditions>
										<condition number="0" type="jump" coverage="100%"/>
									</conditions>
								</line>
								<line number="18" hits="3" branch="false"/>
								<line number="20" hits="328" branch="true" condition-coverage="50% (1/2)">
									<conditions>
										<condition number="0" type="jump" coverage="50%"/>
									</conditions>
								</line>
								<line number="21" hits="0" branch="false"/>
								<line number="22" hits="328" branch="false"/>
							</lines>
						</method>
						<method name="tengoBonusInmortal" signature="()Z" line-rate="0.0" branch-rate="0.0" complexity="0">
							<lines>
								<line number="31" hits="0" branch="true" condition-coverage="0% (0/2)">
									<conditions>
										<condition number="0" type="jump" coverage="0%"/>
									</conditions>
								</line>
							</lines>
						</method>
						<method name="tengoDobleCanion" signature="()Z" line-rate="0.0" branch-rate="0.0" complexity="0">
							<lines>
								<line number="36" hits="0" branch="true" condition-coverage="0% (0/2)">
									<conditions>
										<condition number="0" type="jump" coverage="0%"/>
									</conditions>
								</line>
							</lines>
						</method>
						<method name="tengoTriplicaVelocidad" signature="()Z" line-rate="0.0" branch-rate="0.0" complexity="0">
							<lines>
								<line number="41" hits="0" branch="true" condition-coverage="0% (0/2)">
									<conditions>
										<condition number="0" type="jump" coverage="0%"/>
									</conditions>
								</line>
							</lines>
						</method>
					</methods>
					<lines>
						<line number="8" hits="286" branch="false"/>
						<line number="9" hits="286" branch="false"/>
						<line number="10" hits="286" branch="false"/>
						<line number="14" hits="328" branch="true" condition-coverage="50% (1/2)">
							<conditions>
								<condition number="0" type="jump" coverage="50%"/>
							</conditions>
						</line>
						<line number="15" hits="0" branch="false"/>
						<line number="17" hits="328" branch="true" condition-coverage="100% (2/2)">
							<conditions>
								<condition number="0" type="jump" coverage="100%"/>
							</conditions>
						</line>
						<line number="18" hits="3" branch="false"/>
						<line number="20" hits="328" branch="true" condition-coverage="50% (1/2)">
							<conditions>
								<condition number="0" type="jump" coverage="50%"/>
							</conditions>
						</line>
						<line number="21" hits="0" branch="false"/>
						<line number="22" hits="328" branch="false"/>
						<line number="25" hits="286" branch="false"/>
						<line number="27" hits="286" branch="false"/>
						<line number="31" hits="0" branch="true" condition-coverage="0% (0/2)">
							<conditions>
								<condition number="0" type="jump" coverage="0%"/>
							</conditions>
						</line>
						<line number="36" hits="0" branch="true" condition-coverage="0% (0/2)">
							<conditions>
								<condition number="0" type="jump" coverage="0%"/>
							</conditions>
						</line>
						<line number="41" hits="0" branch="true" condition-coverage="0% (0/2)">
							<conditions>
								<condition number="0" type="jump" coverage="0%"/>
							</conditions>
						</line>
						<line number="46" hits="177" branch="true" condition-coverage="100% (2/2)">
							<conditions>
								<condition number="0" type="jump" coverage="100%"/>
							</conditions>
						</line>
						<line number="47" hits="177" branch="false"/>
						<line number="52" hits="677" branch="true" condition-coverage="100% (2/2)">
							<conditions>
								<condition number="0" type="jump" coverage="100%"/>
							</conditions>
						</line>
						<line number="53" hits="677" branch="false"/>
						<line number="59" hits="177" branch="true" condition-coverage="100% (2/2)">
							<conditions>
								<condition number="0" type="jump" coverage="100%"/>
							</conditions>
						</line>
						<line number="60" hits="177" branch="false"/>
						<line number="66" hits="3" branch="false"/>
						<line number="67" hits="3" branch="false"/>
						<line number="71" hits="1" branch="false"/>
						<line number="72" hits="1" branch="false"/>
						<line number="76" hits="1" branch="false"/>
						<line number="77" hits="1" branch="false"/>
					</lines>
				</class>
				<class name="fiuba.algo3.modelo.Bumblebee" filename="fiuba/algo3/modelo/Bumblebee.java" line-rate="1.0" branch-rate="1.0" complexity="1.0">
					<methods>
						<method name="&lt;init&gt;" signature="(Lfiuba/algo3/modelo/Casillero;)V" line-rate="1.0" branch-rate="1.0" complexity="0">
							<lines>
								<line number="9" hits="23" branch="false"/>
								<line number="10" hits="23" branch="false"/>
								<line number="11" hits="23" branch="false"/>
								<line number="12" hits="23" branch="false"/>
								<line number="13" hits="23" branch="false"/>
								<line number="14" hits="23" branch="false"/>
								<line number="16" hits="23" branch="false"/>
								<line number="17" hits="23" branch="false"/>
								<line number="18" hits="23" branch="false"/>
								<line number="19" hits="23" branch="false"/>
								<line number="20" hits="23" branch="false"/>
								<line number="21" hits="23" branch="false"/>
							</lines>
						</method>
					</methods>
					<lines>
						<line number="9" hits="23" branch="false"/>
						<line number="10" hits="23" branch="false"/>
						<line number="11" hits="23" branch="false"/>
						<line number="12" hits="23" branch="false"/>
						<line number="13" hits="23" branch="false"/>
						<line number="14" hits="23" branch="false"/>
						<line number="16" hits="23" branch="false"/>
						<line number="17" hits="23" branch="false"/>
						<line number="18" hits="23" branch="false"/>
						<line number="19" hits="23" branch="false"/>
						<line number="20" hits="23" branch="false"/>
						<line number="21" hits="23" branch="false"/>
					</lines>
				</class>
				<class name="fiuba.algo3.modelo.BurbujaInmaculada" filename="fiuba/algo3/modelo/BurbujaInmaculada.java" line-rate="0.8333333333333334" branch-rate="1.0" complexity="1.0">
					<methods>
						<method name="&lt;init&gt;" signature="()V" line-rate="1.0" branch-rate="1.0" complexity="0">
							<lines>
								<line number="10" hits="2" branch="false"/>
								<line number="11" hits="2" branch="false"/>
								<line number="12" hits="2" branch="false"/>
							</lines>
						</method>
						<method name="addAlBonus" signature="(Lfiuba/algo3/modelo/Bonus;)V" line-rate="1.0" branch-rate="1.0" complexity="0">
							<lines>
								<line number="16" hits="1" branch="false"/>
								<line number="17" hits="1" branch="false"/>
							</lines>
						</method>
						<method name="getNombreDeBonus" signature="()Ljava/lang/String;" line-rate="0.0" branch-rate="1.0" complexity="0">
							<lines>
								<line number="21" hits="0" branch="false"/>
							</lines>
						</method>
					</methods>
					<lines>
						<line number="10" hits="2" branch="false"/>
						<line number="11" hits="2" branch="false"/>
						<line number="12" hits="2" branch="false"/>
						<line number="16" hits="1" branch="false"/>
						<line number="17" hits="1" branch="false"/>
						<line number="21" hits="0" branch="false"/>
					</lines>
				</class>
				<class name="fiuba.algo3.modelo.Casillero" filename="fiuba/algo3/modelo/Casillero.java" line-rate="0.896551724137931" branch-rate="0.6666666666666666" complexity="1.3846153846153846">
					<methods>
						<method name="&lt;init&gt;" signature="(II)V" line-rate="1.0" branch-rate="1.0" complexity="0">
							<lines>
								<line number="15" hits="11294" branch="false"/>
								<line number="16" hits="11294" branch="false"/>
								<line number="17" hits="11294" branch="false"/>
								<line number="18" hits="11294" branch="false"/>
								<line number="19" hits="11294" branch="false"/>
							</lines>
						</method>
						<method name="asignarEquipamiento" signature="(Lfiuba/algo3/modelo/Equipamiento;)V" line-rate="1.0" branch-rate="1.0" complexity="0">
							<lines>
								<line number="33" hits="11439" branch="false"/>
								<line number="34" hits="11439" branch="false"/>
							</lines>
						</method>
						<method name="asignarSuperficie" signature="(Lfiuba/algo3/modelo/Superficie;)V" line-rate="1.0" branch-rate="1.0" complexity="0">
							<lines>
								<line number="80" hits="11554" branch="false"/>
								<line number="81" hits="11554" branch="false"/>
							</lines>
						</method>
						<method name="calcularDistancia" signature="(Lfiuba/algo3/modelo/Casillero;I)V" line-rate="1.0" branch-rate="1.0" complexity="0">
							<lines>
								<line number="70" hits="865" branch="false"/>
								<line number="71" hits="865" branch="false"/>
								<line number="73" hits="865" branch="true" condition-coverage="100% (4/4)">
									<conditions>
										<condition number="0" type="jump" coverage="100%"/>
										<condition number="1" type="jump" coverage="100%"/>
									</conditions>
								</line>
								<line number="74" hits="8" branch="false"/>
								<line number="76" hits="857" branch="false"/>
							</lines>
						</method>
						<method name="colocarChispaSuprema" signature="()V" line-rate="1.0" branch-rate="1.0" complexity="0">
							<lines>
								<line number="23" hits="37" branch="false"/>
								<line number="24" hits="37" branch="false"/>
							</lines>
						</method>
						<method name="desocupar" signature="()V" line-rate="1.0" branch-rate="1.0" complexity="0">
							<lines>
								<line number="48" hits="678" branch="false"/>
								<line number="49" hits="678" branch="false"/>
							</lines>
						</method>
						<method name="estaOcupado" signature="()Z" line-rate="1.0" branch-rate="1.0" complexity="0">
							<lines>
								<line number="43" hits="887" branch="false"/>
							</lines>
						</method>
						<method name="getEquipamiento" signature="()Lfiuba/algo3/modelo/Equipamiento;" line-rate="1.0" branch-rate="1.0" complexity="0">
							<lines>
								<line number="58" hits="657" branch="false"/>
								<line number="59" hits="657" branch="false"/>
								<line number="60" hits="657" branch="false"/>
							</lines>
						</method>
						<method name="getNombreEquipamiento" signature="()Ljava/lang/String;" line-rate="0.0" branch-rate="1.0" complexity="0">
							<lines>
								<line number="65" hits="0" branch="false"/>
							</lines>
						</method>
						<method name="getSuperficie" signature="()Lfiuba/algo3/modelo/Superficie;" line-rate="1.0" branch-rate="1.0" complexity="0">
							<lines>
								<line number="53" hits="671" branch="false"/>
							</lines>
						</method>
						<method name="ocupar" signature="()V" line-rate="1.0" branch-rate="1.0" complexity="0">
							<lines>
								<line number="38" hits="882" branch="false"/>
								<line number="39" hits="882" branch="false"/>
							</lines>
						</method>
						<method name="tieneChispaSuprema" signature="()Z" line-rate="1.0" branch-rate="1.0" complexity="0">
							<lines>
								<line number="28" hits="12" branch="false"/>
							</lines>
						</method>
						<method name="tieneEquipamiento" signature="()Z" line-rate="0.0" branch-rate="0.0" complexity="0">
							<lines>
								<line number="85" hits="0" branch="true" condition-coverage="0% (0/2)">
									<conditions>
										<condition number="0" type="jump" coverage="0%"/>
									</conditions>
								</line>
								<line number="86" hits="0" branch="false"/>
							</lines>
						</method>
					</methods>
					<lines>
						<line number="15" hits="11294" branch="false"/>
						<line number="16" hits="11294" branch="false"/>
						<line number="17" hits="11294" branch="false"/>
						<line number="18" hits="11294" branch="false"/>
						<line number="19" hits="11294" branch="false"/>
						<line number="23" hits="37" branch="false"/>
						<line number="24" hits="37" branch="false"/>
						<line number="28" hits="12" branch="false"/>
						<line number="33" hits="11439" branch="false"/>
						<line number="34" hits="11439" branch="false"/>
						<line number="38" hits="882" branch="false"/>
						<line number="39" hits="882" branch="false"/>
						<line number="43" hits="887" branch="false"/>
						<line number="48" hits="678" branch="false"/>
						<line number="49" hits="678" branch="false"/>
						<line number="53" hits="671" branch="false"/>
						<line number="58" hits="657" branch="false"/>
						<line number="59" hits="657" branch="false"/>
						<line number="60" hits="657" branch="false"/>
						<line number="65" hits="0" branch="false"/>
						<line number="70" hits="865" branch="false"/>
						<line number="71" hits="865" branch="false"/>
						<line number="73" hits="865" branch="true" condition-coverage="100% (4/4)">
							<conditions>
								<condition number="0" type="jump" coverage="100%"/>
								<condition number="1" type="jump" coverage="100%"/>
							</conditions>
						</line>
						<line number="74" hits="8" branch="false"/>
						<line number="76" hits="857" branch="false"/>
						<line number="80" hits="11554" branch="false"/>
						<line number="81" hits="11554" branch="false"/>
						<line number="85" hits="0" branch="true" condition-coverage="0% (0/2)">
							<conditions>
								<condition number="0" type="jump" coverage="0%"/>
							</conditions>
						</line>
						<line number="86" hits="0" branch="false"/>
					</lines>
				</class>
				<class name="fiuba.algo3.modelo.CasilleroInvalidoException" filename="fiuba/algo3/modelo/CasilleroInvalidoException.java" line-rate="1.0" branch-rate="1.0" complexity="0.0">
					<methods>
						<method name="&lt;init&gt;" signature="()V" line-rate="1.0" branch-rate="1.0" complexity="0">
							<lines>
								<line number="6" hits="3" branch="false"/>
							</lines>
						</method>
					</methods>
					<lines>
						<line number="6" hits="3" branch="false"/>
					</lines>
				</class>
				<class name="fiuba.algo3.modelo.DobleCanion" filename="fiuba/algo3/modelo/DobleCanion.java" line-rate="0.8333333333333334" branch-rate="1.0" complexity="1.0">
					<methods>
						<method name="&lt;init&gt;" signature="()V" line-rate="1.0" branch-rate="1.0" complexity="0">
							<lines>
								<line number="10" hits="3" branch="false"/>
								<line number="11" hits="3" branch="false"/>
								<line number="12" hits="3" branch="false"/>
							</lines>
						</method>
						<method name="addAlBonus" signature="(Lfiuba/algo3/modelo/Bonus;)V" line-rate="1.0" branch-rate="1.0" complexity="0">
							<lines>
								<line number="16" hits="3" branch="false"/>
								<line number="17" hits="3" branch="false"/>
							</lines>
						</method>
						<method name="getNombreDeBonus" signature="()Ljava/lang/String;" line-rate="0.0" branch-rate="1.0" complexity="0">
							<lines>
								<line number="21" hits="0" branch="false"/>
							</lines>
						</method>
					</methods>
					<lines>
						<line number="10" hits="3" branch="false"/>
						<line number="11" hits="3" branch="false"/>
						<line number="12" hits="3" branch="false"/>
						<line number="16" hits="3" branch="false"/>
						<line number="17" hits="3" branch="false"/>
						<line number="21" hits="0" branch="false"/>
					</lines>
				</class>
				<class name="fiuba.algo3.modelo.Equipamiento" filename="fiuba/algo3/modelo/Equipamiento.java" line-rate="1.0" branch-rate="1.0" complexity="1.0">
					<methods>
					</methods>
					<lines>
					</lines>
				</class>
				<class name="fiuba.algo3.modelo.Equipo" filename="fiuba/algo3/modelo/Equipo.java" line-rate="1.0" branch-rate="1.0" complexity="0.0">
					<methods>
						<method name="&lt;clinit&gt;" signature="()V" line-rate="1.0" branch-rate="1.0" complexity="0">
							<lines>
								<line number="6" hits="3" branch="false"/>
								<line number="7" hits="1" branch="false"/>
								<line number="8" hits="1" branch="false"/>
							</lines>
						</method>
						<method name="&lt;init&gt;" signature="(Ljava/lang/String;I)V" line-rate="1.0" branch-rate="1.0" complexity="0">
							<lines>
							</lines>
						</method>
						<method name="valueOf" signature="(Ljava/lang/String;)Lfiuba/algo3/modelo/Equipo;" line-rate="1.0" branch-rate="1.0" complexity="0">
							<lines>
							</lines>
						</method>
						<method name="values" signature="()[Lfiuba/algo3/modelo/Equipo;" line-rate="1.0" branch-rate="1.0" complexity="0">
							<lines>
							</lines>
						</method>
					</methods>
					<lines>
						<line number="6" hits="3" branch="false"/>
						<line number="7" hits="1" branch="false"/>
						<line number="8" hits="1" branch="false"/>
					</lines>
				</class>
				<class name="fiuba.algo3.modelo.Espinas" filename="fiuba/algo3/modelo/Espinas.java" line-rate="0.9" branch-rate="1.0" complexity="1.0">
					<methods>
						<method name="&lt;init&gt;" signature="()V" line-rate="1.0" branch-rate="1.0" complexity="0">
							<lines>
								<line number="6" hits="35" branch="false"/>
							</lines>
						</method>
						<method name="aplicarEfectoAlternativoAereoEn" signature="(Lfiuba/algo3/modelo/AlgoFormer;)V" line-rate="1.0" branch-rate="1.0" complexity="0">
							<lines>
								<line number="26" hits="152" branch="false"/>
								<line number="27" hits="152" branch="false"/>
							</lines>
						</method>
						<method name="aplicarEfectoAlternativoTerrestreEn" signature="(Lfiuba/algo3/modelo/AlgoFormer;)V" line-rate="1.0" branch-rate="1.0" complexity="0">
							<lines>
								<line number="11" hits="152" branch="false"/>
								<line number="12" hits="152" branch="false"/>
							</lines>
						</method>
						<method name="aplicarEfectoHumanoideTerrestreEn" signature="(Lfiuba/algo3/modelo/AlgoFormer;)V" line-rate="1.0" branch-rate="1.0" complexity="0">
							<lines>
								<line number="21" hits="152" branch="false"/>
								<line number="22" hits="152" branch="false"/>
							</lines>
						</method>
						<method name="aplicarEfectohumanoideAereoEn" signature="(Lfiuba/algo3/modelo/AlgoFormer;)V" line-rate="1.0" branch-rate="1.0" complexity="0">
							<lines>
								<line number="16" hits="152" branch="false"/>
								<line number="17" hits="152" branch="false"/>
							</lines>
						</method>
						<method name="getSuperficie" signature="()Lfiuba/algo3/modelo/SuperficiesEnum;" line-rate="0.0" branch-rate="1.0" complexity="0">
							<lines>
								<line number="31" hits="0" branch="false"/>
							</lines>
						</method>
					</methods>
					<lines>
						<line number="6" hits="35" branch="false"/>
						<line number="11" hits="152" branch="false"/>
						<line number="12" hits="152" branch="false"/>
						<line number="16" hits="152" branch="false"/>
						<line number="17" hits="152" branch="false"/>
						<line number="21" hits="152" branch="false"/>
						<line number="22" hits="152" branch="false"/>
						<line number="26" hits="152" branch="false"/>
						<line number="27" hits="152" branch="false"/>
						<line number="31" hits="0" branch="false"/>
					</lines>
				</class>
				<class name="fiuba.algo3.modelo.Estado" filename="fiuba/algo3/modelo/Estado.java" line-rate="1.0" branch-rate="1.0" complexity="1.0">
					<methods>
					</methods>
					<lines>
					</lines>
				</class>
				<class name="fiuba.algo3.modelo.EstadoAlternativoAereo" filename="fiuba/algo3/modelo/EstadoAlternativoAereo.java" line-rate="1.0" branch-rate="1.0" complexity="1.0">
					<methods>
						<method name="&lt;init&gt;" signature="()V" line-rate="1.0" branch-rate="1.0" complexity="0">
							<lines>
								<line number="12" hits="75" branch="false"/>
								<line number="14" hits="75" branch="false"/>
							</lines>
						</method>
						<method name="aplicarEfecto" signature="(Lfiuba/algo3/modelo/AlgoFormer;Lfiuba/algo3/modelo/Superficie;)V" line-rate="1.0" branch-rate="1.0" complexity="0">
							<lines>
								<line number="17" hits="161" branch="false"/>
								<line number="18" hits="161" branch="false"/>
							</lines>
						</method>
						<method name="modificarStatsEstado" signature="(III)V" line-rate="1.0" branch-rate="1.0" complexity="0">
							<lines>
								<line number="25" hits="75" branch="false"/>
								<line number="26" hits="75" branch="false"/>
								<line number="27" hits="75" branch="false"/>
								<line number="28" hits="75" branch="false"/>
							</lines>
						</method>
						<method name="modificarStatsFormer" signature="(Lfiuba/algo3/modelo/AlgoFormer;)V" line-rate="1.0" branch-rate="1.0" complexity="0">
							<lines>
								<line number="21" hits="171" branch="false"/>
								<line number="22" hits="171" branch="false"/>
							</lines>
						</method>
						<method name="reducirDanio" signature="(I)V" line-rate="1.0" branch-rate="1.0" complexity="0">
							<lines>
								<line number="31" hits="2" branch="false"/>
								<line number="32" hits="2" branch="false"/>
							</lines>
						</method>
					</methods>
					<lines>
						<line number="12" hits="75" branch="false"/>
						<line number="14" hits="75" branch="false"/>
						<line number="17" hits="161" branch="false"/>
						<line number="18" hits="161" branch="false"/>
						<line number="21" hits="171" branch="false"/>
						<line number="22" hits="171" branch="false"/>
						<line number="25" hits="75" branch="false"/>
						<line number="26" hits="75" branch="false"/>
						<line number="27" hits="75" branch="false"/>
						<line number="28" hits="75" branch="false"/>
						<line number="31" hits="2" branch="false"/>
						<line number="32" hits="2" branch="false"/>
					</lines>
				</class>
				<class name="fiuba.algo3.modelo.EstadoAlternativoTerrestre" filename="fiuba/algo3/modelo/EstadoAlternativoTerrestre.java" line-rate="0.8333333333333334" branch-rate="1.0" complexity="1.0">
					<methods>
						<method name="&lt;init&gt;" signature="()V" line-rate="1.0" branch-rate="1.0" complexity="0">
							<lines>
								<line number="11" hits="210" branch="false"/>
								<line number="12" hits="210" branch="false"/>
							</lines>
						</method>
						<method name="aplicarEfecto" signature="(Lfiuba/algo3/modelo/AlgoFormer;Lfiuba/algo3/modelo/Superficie;)V" line-rate="1.0" branch-rate="1.0" complexity="0">
							<lines>
								<line number="15" hits="167" branch="false"/>
								<line number="16" hits="163" branch="false"/>
							</lines>
						</method>
						<method name="modificarStatsEstado" signature="(III)V" line-rate="1.0" branch-rate="1.0" complexity="0">
							<lines>
								<line number="23" hits="210" branch="false"/>
								<line number="24" hits="210" branch="false"/>
								<line number="25" hits="210" branch="false"/>
								<line number="26" hits="210" branch="false"/>
							</lines>
						</method>
						<method name="modificarStatsFormer" signature="(Lfiuba/algo3/modelo/AlgoFormer;)V" line-rate="1.0" branch-rate="1.0" complexity="0">
							<lines>
								<line number="19" hits="261" branch="false"/>
								<line number="20" hits="261" branch="false"/>
							</lines>
						</method>
						<method name="reducirDanio" signature="(I)V" line-rate="0.0" branch-rate="1.0" complexity="0">
							<lines>
								<line number="29" hits="0" branch="false"/>
								<line number="30" hits="0" branch="false"/>
							</lines>
						</method>
					</methods>
					<lines>
						<line number="11" hits="210" branch="false"/>
						<line number="12" hits="210" branch="false"/>
						<line number="15" hits="167" branch="false"/>
						<line number="16" hits="163" branch="false"/>
						<line number="19" hits="261" branch="false"/>
						<line number="20" hits="261" branch="false"/>
						<line number="23" hits="210" branch="false"/>
						<line number="24" hits="210" branch="false"/>
						<line number="25" hits="210" branch="false"/>
						<line number="26" hits="210" branch="false"/>
						<line number="29" hits="0" branch="false"/>
						<line number="30" hits="0" branch="false"/>
					</lines>
				</class>
[...]
						<line number="368" hits="0" branch="false"/>
						<line number="370" hits="0" branch="false"/>
						<line number="371" hits="0" branch="false"/>
						<line number="374" hits="0" branch="false"/>
						<line number="375" hits="0" branch="false"/>
						<line number="379" hits="0" branch="true" condition-coverage="0% (0/2)">
							<conditions>
								<condition number="0" type="jump" coverage="0%"/>
							</conditions>
						</line>
						<line number="380" hits="0" branch="false"/>
						<line number="382" hits="0" branch="true" condition-coverage="0% (0/2)">
							<conditions>
								<condition number="0" type="jump" coverage="0%"/>
							</conditions>
						</line>
						<line number="383" hits="0" branch="false"/>
						<line number="385" hits="0" branch="true" condition-coverage="0% (0/2)">
							<conditions>
								<condition number="0" type="jump" coverage="0%"/>
							</conditions>
						</line>
						<line number="386" hits="0" branch="false"/>
						<line number="388" hits="0" branch="true" condition-coverage="0% (0/2)">
							<conditions>
								<condition number="0" type="jump" coverage="0%"/>
							</conditions>
						</line>
						<line number="389" hits="0" branch="false"/>
						<line number="391" hits="0" branch="true" condition-coverage="0% (0/2)">
							<conditions>
								<condition number="0" type="jump" coverage="0%"/>
							</conditions>
						</line>
						<line number="392" hits="0" branch="false"/>
						<line number="394" hits="0" branch="true" condition-coverage="0% (0/2)">
							<conditions>
								<condition number="0" type="jump" coverage="0%"/>
							</conditions>
						</line>
						<line number="395" hits="0" branch="false"/>
						<line number="397" hits="0" branch="true" condition-coverage="0% (0/2)">
							<conditions>
								<condition number="0" type="jump" coverage="0%"/>
							</conditions>
						</line>
						<line number="398" hits="0" branch="true" condition-coverage="0% (0/2)">
							<conditions>
								<condition number="0" type="jump" coverage="0%"/>
							</conditions>
						</line>
						<line number="399" hits="0" branch="false"/>
						<line number="402" hits="0" branch="true" condition-coverage="0% (0/2)">
							<conditions>
								<condition number="0" type="jump" coverage="0%"/>
							</conditions>
						</line>
						<line number="403" hits="0" branch="true" condition-coverage="0% (0/2)">
							<conditions>
								<condition number="0" type="jump" coverage="0%"/>
							</conditions>
						</line>
						<line number="404" hits="0" branch="false"/>
						<line number="407" hits="0" branch="false"/>
						<line number="411" hits="0" branch="false"/>
						<line number="412" hits="0" branch="true" condition-coverage="0% (0/2)">
							<conditions>
								<condition number="0" type="jump" coverage="0%"/>
							</conditions>
						</line>
						<line number="413" hits="0" branch="false"/>
						<line number="415" hits="0" branch="true" condition-coverage="0% (0/2)">
							<conditions>
								<condition number="0" type="jump" coverage="0%"/>
							</conditions>
						</line>
						<line number="416" hits="0" branch="false"/>
						<line number="417" hits="0" branch="true" condition-coverage="0% (0/2)">
							<conditions>
								<condition number="0" type="jump" coverage="0%"/>
							</conditions>
						</line>
						<line number="418" hits="0" branch="false"/>
						<line number="419" hits="0" branch="true" condition-coverage="0% (0/2)">
							<conditions>
								<condition number="0" type="jump" coverage="0%"/>
							</conditions>
						</line>
						<line number="420" hits="0" branch="false"/>
						<line number="422" hits="0" branch="false"/>
						<line number="423" hits="0" branch="false"/>
						<line number="424" hits="0" branch="false"/>
						<line number="427" hits="0" branch="false"/>
						<line number="431" hits="0" branch="true" condition-coverage="0% (0/7)">
							<conditions>
								<condition number="0" type="switch" coverage="0%"/>
							</conditions>
						</line>
						<line number="432" hits="0" branch="false"/>
						<line number="433" hits="0" branch="false"/>
						<line number="434" hits="0" branch="false"/>
						<line number="435" hits="0" branch="false"/>
						<line number="436" hits="0" branch="false"/>
						<line number="437" hits="0" branch="false"/>
						<line number="438" hits="0" branch="false"/>
						<line number="439" hits="0" branch="false"/>
						<line number="440" hits="0" branch="false"/>
						<line number="441" hits="0" branch="false"/>
						<line number="442" hits="0" branch="false"/>
						<line number="445" hits="0" branch="false"/>
						<line number="448" hits="0" branch="false"/>
						<line number="449" hits="0" branch="false"/>
						<line number="450" hits="0" branch="false"/>
						<line number="451" hits="0" branch="false"/>
						<line number="452" hits="0" branch="false"/>
						<line number="455" hits="0" branch="false"/>
						<line number="456" hits="0" branch="false"/>
						<line number="457" hits="0" branch="false"/>
						<line number="458" hits="0" branch="false"/>
						<line number="459" hits="0" branch="false"/>
						<line number="460" hits="0" branch="false"/>
						<line number="461" hits="0" branch="false"/>
						<line number="463" hits="0" branch="false"/>
						<line number="464" hits="0" branch="false"/>
						<line number="465" hits="0" branch="false"/>
						<line number="466" hits="0" branch="false"/>
						<line number="467" hits="0" branch="false"/>
						<line number="468" hits="0" branch="false"/>
						<line number="469" hits="0" branch="false"/>
						<line number="470" hits="0" branch="false"/>
						<line number="471" hits="0" branch="false"/>
						<line number="472" hits="0" branch="false"/>
						<line number="480" hits="0" branch="false"/>
						<line number="482" hits="0" branch="false"/>
						<line number="483" hits="0" branch="false"/>
						<line number="484" hits="0" branch="false"/>
						<line number="485" hits="0" branch="false"/>
						<line number="486" hits="0" branch="false"/>
						<line number="487" hits="0" branch="false"/>
						<line number="488" hits="0" branch="false"/>
						<line number="489" hits="0" branch="false"/>
						<line number="491" hits="0" branch="false"/>
						<line number="492" hits="0" branch="false"/>
						<line number="493" hits="0" branch="false"/>
						<line number="494" hits="0" branch="false"/>
						<line number="495" hits="0" branch="false"/>
						<line number="496" hits="0" branch="false"/>
						<line number="497" hits="0" branch="false"/>
						<line number="498" hits="0" branch="false"/>
						<line number="499" hits="0" branch="false"/>
						<line number="500" hits="0" branch="false"/>
						<line number="501" hits="0" branch="false"/>
						<line number="502" hits="0" branch="false"/>
						<line number="503" hits="0" branch="false"/>
						<line number="504" hits="0" branch="false"/>
						<line number="505" hits="0" branch="false"/>
						<line number="506" hits="0" branch="false"/>
						<line number="507" hits="0" branch="false"/>
						<line number="508" hits="0" branch="false"/>
						<line number="509" hits="0" branch="false"/>
						<line number="510" hits="0" branch="false"/>
						<line number="511" hits="0" branch="false"/>
						<line number="512" hits="0" branch="false"/>
						<line number="513" hits="0" branch="false"/>
						<line number="514" hits="0" branch="false"/>
						<line number="515" hits="0" branch="false"/>
						<line number="516" hits="0" branch="false"/>
						<line number="518" hits="0" branch="false"/>
						<line number="519" hits="0" branch="false"/>
						<line number="520" hits="0" branch="false"/>
						<line number="521" hits="0" branch="false"/>
						<line number="522" hits="0" branch="false"/>
						<line number="523" hits="0" branch="false"/>
						<line number="524" hits="0" branch="false"/>
						<line number="525" hits="0" branch="false"/>
						<line number="526" hits="0" branch="false"/>
						<line number="527" hits="0" branch="false"/>
						<line number="528" hits="0" branch="false"/>
						<line number="529" hits="0" branch="false"/>
						<line number="530" hits="0" branch="false"/>
						<line number="531" hits="0" branch="false"/>
						<line number="533" hits="0" branch="false"/>
						<line number="535" hits="0" branch="false"/>
						<line number="536" hits="0" branch="false"/>
						<line number="537" hits="0" branch="false"/>
						<line number="538" hits="0" branch="false"/>
						<line number="539" hits="0" branch="false"/>
						<line number="540" hits="0" branch="false"/>
						<line number="541" hits="0" branch="false"/>
						<line number="542" hits="0" branch="false"/>
						<line number="543" hits="0" branch="false"/>
						<line number="544" hits="0" branch="false"/>
						<line number="545" hits="0" branch="false"/>
						<line number="546" hits="0" branch="false"/>
						<line number="547" hits="0" branch="false"/>
						<line number="548" hits="0" branch="false"/>
						<line number="549" hits="0" branch="false"/>
						<line number="550" hits="0" branch="false"/>
						<line number="551" hits="0" branch="false"/>
						<line number="552" hits="0" branch="false"/>
						<line number="553" hits="0" branch="false"/>
						<line number="554" hits="0" branch="false"/>
						<line number="555" hits="0" branch="false"/>
						<line number="556" hits="0" branch="false"/>
						<line number="557" hits="0" branch="false"/>
						<line number="558" hits="0" branch="true" condition-coverage="0% (0/4)">
							<conditions>
								<condition number="0" type="jump" coverage="0%"/>
								<condition number="1" type="jump" coverage="0%"/>
							</conditions>
						</line>
						<line number="559" hits="0" branch="false"/>
						<line number="560" hits="0" branch="false"/>
						<line number="563" hits="0" branch="false"/>
						<line number="567" hits="0" branch="true" condition-coverage="0% (0/2)">
							<conditions>
								<condition number="0" type="jump" coverage="0%"/>
							</conditions>
						</line>
						<line number="568" hits="0" branch="false"/>
						<line number="570" hits="0" branch="true" condition-coverage="0% (0/2)">
							<conditions>
								<condition number="0" type="jump" coverage="0%"/>
							</conditions>
						</line>
						<line number="571" hits="0" branch="false"/>
						<line number="573" hits="0" branch="true" condition-coverage="0% (0/2)">
							<conditions>
								<condition number="0" type="jump" coverage="0%"/>
							</conditions>
						</line>
						<line number="574" hits="0" branch="false"/>
						<line number="576" hits="0" branch="false"/>
						<line number="580" hits="0" branch="false"/>
						<line number="581" hits="0" branch="false"/>
						<line number="582" hits="0" branch="false"/>
						<line number="583" hits="0" branch="false"/>
						<line number="584" hits="0" branch="false"/>
						<line number="585" hits="0" branch="false"/>
						<line number="586" hits="0" branch="false"/>
						<line number="588" hits="0" branch="false"/>
						<line number="591" hits="0" branch="false"/>
					</lines>
				</class>
				<class name="fiuba.algo3.vista.VistaJuego$1" filename="fiuba/algo3/vista/VistaJuego.java" line-rate="0.0" branch-rate="1.0" complexity="3.2">
					<methods>
						<method name="&lt;init&gt;" signature="(Lfiuba/algo3/vista/VistaJuego;Ljavafx/scene/control/Button;Ljavafx/scene/effect/DropShadow;)V" line-rate="1.0" branch-rate="1.0" complexity="0">
							<lines>
							</lines>
						</method>
						<method name="handle" signature="(Ljavafx/event/Event;)V" line-rate="0.0" branch-rate="1.0" complexity="0">
							<lines>
								<line number="176" hits="0" branch="false"/>
							</lines>
						</method>
						<method name="handle" signature="(Ljavafx/scene/input/MouseEvent;)V" line-rate="0.0" branch-rate="1.0" complexity="0">
							<lines>
								<line number="179" hits="0" branch="false"/>
								<line number="180" hits="0" branch="false"/>
							</lines>
						</method>
					</methods>
					<lines>
						<line number="176" hits="0" branch="false"/>
						<line number="179" hits="0" branch="false"/>
						<line number="180" hits="0" branch="false"/>
					</lines>
				</class>
				<class name="fiuba.algo3.vista.VistaJuego$2" filename="fiuba/algo3/vista/VistaJuego.java" line-rate="0.0" branch-rate="1.0" complexity="3.2">
					<methods>
						<method name="&lt;init&gt;" signature="(Lfiuba/algo3/vista/VistaJuego;Ljavafx/scene/control/Button;)V" line-rate="1.0" branch-rate="1.0" complexity="0">
							<lines>
							</lines>
						</method>
						<method name="handle" signature="(Ljavafx/event/Event;)V" line-rate="0.0" branch-rate="1.0" complexity="0">
							<lines>
								<line number="184" hits="0" branch="false"/>
							</lines>
						</method>
						<method name="handle" signature="(Ljavafx/scene/input/MouseEvent;)V" line-rate="0.0" branch-rate="1.0" complexity="0">
							<lines>
								<line number="187" hits="0" branch="false"/>
								<line number="188" hits="0" branch="false"/>
							</lines>
						</method>
					</methods>
					<lines>
						<line number="184" hits="0" branch="false"/>
						<line number="187" hits="0" branch="false"/>
						<line number="188" hits="0" branch="false"/>
					</lines>
				</class>
				<class name="fiuba.algo3.vista.VistaJuego$3" filename="fiuba/algo3/vista/VistaJuego.java" line-rate="0.0" branch-rate="1.0" complexity="3.2">
					<methods>
						<method name="&lt;clinit&gt;" signature="()V" line-rate="0.0" branch-rate="1.0" complexity="0">
							<lines>
								<line number="431" hits="0" branch="false"/>
							</lines>
						</method>
					</methods>
					<lines>
						<line number="431" hits="0" branch="false"/>
					</lines>
				</class>
				<class name="fiuba.algo3.vista.VistaMenuPrincipal" filename="fiuba/algo3/vista/VistaMenuPrincipal.java" line-rate="0.0" branch-rate="1.0" complexity="1.3333333333333333">
					<methods>
						<method name="&lt;init&gt;" signature="(Ljavafx/stage/Stage;)V" line-rate="0.0" branch-rate="1.0" complexity="0">
							<lines>
								<line number="36" hits="0" branch="false"/>
								<line number="37" hits="0" branch="false"/>
								<line number="38" hits="0" branch="false"/>
								<line number="39" hits="0" branch="false"/>
								<line number="40" hits="0" branch="false"/>
								<line number="41" hits="0" branch="false"/>
								<line number="42" hits="0" branch="false"/>
								<line number="44" hits="0" branch="false"/>
								<line number="46" hits="0" branch="false"/>
							</lines>
						</method>
						<method name="setBotonJugar" signature="()V" line-rate="0.0" branch-rate="1.0" complexity="0">
							<lines>
								<line number="93" hits="0" branch="false"/>
								<line number="96" hits="0" branch="false"/>
								<line number="97" hits="0" branch="false"/>
								<line number="98" hits="0" branch="false"/>
								<line number="99" hits="0" branch="false"/>
								<line number="102" hits="0" branch="false"/>
								<line number="103" hits="0" branch="false"/>
								<line number="104" hits="0" branch="false"/>
								<line number="105" hits="0" branch="false"/>
								<line number="107" hits="0" branch="false"/>
								<line number="108" hits="0" branch="false"/>
								<line number="109" hits="0" branch="false"/>
								<line number="110" hits="0" branch="false"/>
								<line number="112" hits="0" branch="false"/>
								<line number="115" hits="0" branch="false"/>
								<line number="116" hits="0" branch="false"/>
							</lines>
						</method>
						<method name="setBotonSalir" signature="()V" line-rate="0.0" branch-rate="1.0" complexity="0">
							<lines>
								<line number="65" hits="0" branch="false"/>
								<line number="68" hits="0" branch="false"/>
								<line number="69" hits="0" branch="false"/>
								<line number="70" hits="0" branch="false"/>
								<line number="71" hits="0" branch="false"/>
								<line number="72" hits="0" branch="false"/>
								<line number="73" hits="0" branch="false"/>
								<line number="74" hits="0" branch="false"/>
								<line number="75" hits="0" branch="false"/>
								<line number="78" hits="0" branch="false"/>
								<line number="79" hits="0" branch="false"/>
								<line number="80" hits="0" branch="false"/>
								<line number="81" hits="0" branch="false"/>
								<line number="82" hits="0" branch="false"/>
								<line number="85" hits="0" branch="false"/>
								<line number="88" hits="0" branch="false"/>
								<line number="89" hits="0" branch="false"/>
							</lines>
						</method>
						<method name="setFondo" signature="()V" line-rate="0.0" branch-rate="1.0" complexity="0">
							<lines>
								<line number="51" hits="0" branch="false"/>
								<line number="52" hits="0" branch="false"/>
								<line number="53" hits="0" branch="false"/>
								<line number="55" hits="0" branch="false"/>
							</lines>
						</method>
						<method name="setImagenFondo" signature="()Ljavafx/scene/image/Image;" line-rate="0.0" branch-rate="1.0" complexity="0">
							<lines>
								<line number="59" hits="0" branch="false"/>
							</lines>
						</method>
						<method name="setStopSonido" signature="()V" line-rate="0.0" branch-rate="1.0" complexity="0">
							<lines>
								<line number="130" hits="0" branch="false"/>
							</lines>
						</method>
					</methods>
					<lines>
						<line number="36" hits="0" branch="false"/>
						<line number="37" hits="0" branch="false"/>
						<line number="38" hits="0" branch="false"/>
						<line number="39" hits="0" branch="false"/>
						<line number="40" hits="0" branch="false"/>
						<line number="41" hits="0" branch="false"/>
						<line number="42" hits="0" branch="false"/>
						<line number="44" hits="0" branch="false"/>
						<line number="46" hits="0" branch="false"/>
						<line number="51" hits="0" branch="false"/>
						<line number="52" hits="0" branch="false"/>
						<line number="53" hits="0" branch="false"/>
						<line number="55" hits="0" branch="false"/>
						<line number="59" hits="0" branch="false"/>
						<line number="65" hits="0" branch="false"/>
						<line number="68" hits="0" branch="false"/>
						<line number="69" hits="0" branch="false"/>
						<line number="70" hits="0" branch="false"/>
						<line number="71" hits="0" branch="false"/>
						<line number="72" hits="0" branch="false"/>
						<line number="73" hits="0" branch="false"/>
						<line number="74" hits="0" branch="false"/>
						<line number="75" hits="0" branch="false"/>
						<line number="78" hits="0" branch="false"/>
						<line number="79" hits="0" branch="false"/>
						<line number="80" hits="0" branch="false"/>
						<line number="81" hits="0" branch="false"/>
						<line number="82" hits="0" branch="false"/>
						<line number="85" hits="0" branch="false"/>
						<line number="88" hits="0" branch="false"/>
						<line number="89" hits="0" branch="false"/>
						<line number="93" hits="0" branch="false"/>
						<line number="96" hits="0" branch="false"/>
						<line number="97" hits="0" branch="false"/>
						<line number="98" hits="0" branch="false"/>
						<line number="99" hits="0" branch="false"/>
						<line number="102" hits="0" branch="false"/>
						<line number="103" hits="0" branch="false"/>
						<line number="104" hits="0" branch="false"/>
						<line number="105" hits="0" branch="false"/>
						<line number="107" hits="0" branch="false"/>
						<line number="108" hits="0" branch="false"/>
						<line number="109" hits="0" branch="false"/>
						<line number="110" hits="0" branch="false"/>
						<line number="112" hits="0" branch="false"/>
						<line number="115" hits="0" branch="false"/>
						<line number="116" hits="0" branch="false"/>
						<line number="130" hits="0" branch="false"/>
					</lines>
				</class>
			</classes>
		</package>
	</packages>
</coverage>
